<?xml version="1.0" encoding="UTF-8"?>
<coverage generated="1665193525584" clover="3.2.0">
  <project timestamp="1665193525584" name="All files">
    <metrics statements="452" coveredstatements="435" conditionals="89" coveredconditionals="80" methods="47" coveredmethods="47" elements="588" coveredelements="562" complexity="0" loc="452" ncloc="452" packages="7" files="24" classes="24"/>
    <package name="SPRINT3_GRUPO2">
      <metrics statements="34" coveredstatements="34" conditionals="0" coveredconditionals="0" methods="2" coveredmethods="2"/>
      <file name="server.js" path="/Users/victoriacampiotti/Desktop/Sprint3/SPRINT3_GRUPO2/server.js">
        <metrics statements="34" coveredstatements="34" conditionals="0" coveredconditionals="0" methods="2" coveredmethods="2"/>
        <line num="1" count="6" type="stmt"/>
        <line num="3" count="6" type="stmt"/>
        <line num="4" count="6" type="stmt"/>
        <line num="5" count="6" type="stmt"/>
        <line num="6" count="6" type="stmt"/>
        <line num="7" count="6" type="stmt"/>
        <line num="8" count="6" type="stmt"/>
        <line num="9" count="6" type="stmt"/>
        <line num="11" count="6" type="stmt"/>
        <line num="12" count="6" type="stmt"/>
        <line num="13" count="6" type="stmt"/>
        <line num="14" count="6" type="stmt"/>
        <line num="16" count="6" type="stmt"/>
        <line num="18" count="6" type="stmt"/>
        <line num="20" count="6" type="stmt"/>
        <line num="22" count="6" type="stmt"/>
        <line num="23" count="6" type="stmt"/>
        <line num="25" count="6" type="stmt"/>
        <line num="26" count="6" type="stmt"/>
        <line num="28" count="6" type="stmt"/>
        <line num="30" count="6" type="stmt"/>
        <line num="31" count="1" type="stmt"/>
        <line num="34" count="6" type="stmt"/>
        <line num="42" count="6" type="stmt"/>
        <line num="43" count="6" type="stmt"/>
        <line num="44" count="6" type="stmt"/>
        <line num="45" count="6" type="stmt"/>
        <line num="47" count="6" type="stmt"/>
        <line num="48" count="6" type="stmt"/>
        <line num="49" count="6" type="stmt"/>
        <line num="50" count="6" type="stmt"/>
        <line num="52" count="6" type="stmt"/>
        <line num="54" count="4" type="stmt"/>
        <line num="57" count="6" type="stmt"/>
      </file>
    </package>
    <package name="SPRINT3_GRUPO2.api.controllers">
      <metrics statements="218" coveredstatements="205" conditionals="46" coveredconditionals="43" methods="23" coveredmethods="23"/>
      <file name="cartsController.js" path="/Users/victoriacampiotti/Desktop/Sprint3/SPRINT3_GRUPO2/api/controllers/cartsController.js">
        <metrics statements="48" coveredstatements="46" conditionals="10" coveredconditionals="9" methods="2" coveredmethods="2"/>
        <line num="1" count="6" type="stmt"/>
        <line num="2" count="6" type="stmt"/>
        <line num="4" count="6" type="stmt"/>
        <line num="6" count="6" type="stmt"/>
        <line num="8" count="2" type="stmt"/>
        <line num="9" count="2" type="stmt"/>
        <line num="22" count="2" type="cond" truecount="2" falsecount="0"/>
        <line num="23" count="1" type="stmt"/>
        <line num="29" count="1" type="stmt"/>
        <line num="31" count="0" type="stmt"/>
        <line num="35" count="3" type="stmt"/>
        <line num="36" count="3" type="stmt"/>
        <line num="38" count="3" type="stmt"/>
        <line num="40" count="3" type="stmt"/>
        <line num="47" count="3" type="cond" truecount="2" falsecount="0"/>
        <line num="48" count="1" type="stmt"/>
        <line num="54" count="2" type="stmt"/>
        <line num="58" count="2" type="stmt"/>
        <line num="65" count="2" type="stmt"/>
        <line num="66" count="2" type="stmt"/>
        <line num="67" count="2" type="cond" truecount="1" falsecount="1"/>
        <line num="68" count="2" type="stmt"/>
        <line num="69" count="4" type="stmt"/>
        <line num="70" count="4" type="stmt"/>
        <line num="71" count="4" type="stmt"/>
        <line num="81" count="2" type="stmt"/>
        <line num="82" count="3" type="stmt"/>
        <line num="84" count="3" type="cond" truecount="2" falsecount="0"/>
        <line num="85" count="1" type="stmt"/>
        <line num="90" count="2" type="cond" truecount="2" falsecount="0"/>
        <line num="92" count="1" type="stmt"/>
        <line num="93" count="2" type="stmt"/>
        <line num="94" count="2" type="stmt"/>
        <line num="102" count="1" type="stmt"/>
        <line num="108" count="1" type="stmt"/>
        <line num="115" count="1" type="stmt"/>
        <line num="116" count="2" type="stmt"/>
        <line num="124" count="1" type="stmt"/>
        <line num="125" count="1" type="stmt"/>
        <line num="126" count="1" type="stmt"/>
        <line num="127" count="2" type="stmt"/>
        <line num="128" count="2" type="stmt"/>
        <line num="129" count="2" type="stmt"/>
        <line num="138" count="1" type="stmt"/>
        <line num="139" count="1" type="stmt"/>
        <line num="145" count="1" type="stmt"/>
        <line num="148" count="0" type="stmt"/>
        <line num="154" count="6" type="stmt"/>
      </file>
      <file name="picturesController.js" path="/Users/victoriacampiotti/Desktop/Sprint3/SPRINT3_GRUPO2/api/controllers/picturesController.js">
        <metrics statements="41" coveredstatements="38" conditionals="8" coveredconditionals="7" methods="5" coveredmethods="5"/>
        <line num="1" count="6" type="stmt"/>
        <line num="2" count="6" type="stmt"/>
        <line num="3" count="6" type="stmt"/>
        <line num="6" count="6" type="stmt"/>
        <line num="7" count="4" type="stmt"/>
        <line num="8" count="4" type="stmt"/>
        <line num="12" count="2" type="cond" truecount="2" falsecount="0"/>
        <line num="13" count="1" type="stmt"/>
        <line num="15" count="1" type="stmt"/>
        <line num="18" count="2" type="stmt"/>
        <line num="23" count="6" type="stmt"/>
        <line num="24" count="4" type="stmt"/>
        <line num="26" count="4" type="stmt"/>
        <line num="28" count="4" type="stmt"/>
        <line num="31" count="3" type="cond" truecount="2" falsecount="0"/>
        <line num="32" count="1" type="stmt"/>
        <line num="37" count="2" type="stmt"/>
        <line num="43" count="1" type="stmt"/>
        <line num="44" count="1" type="stmt"/>
        <line num="53" count="6" type="stmt"/>
        <line num="55" count="1" type="stmt"/>
        <line num="58" count="1" type="stmt"/>
        <line num="59" count="1" type="stmt"/>
        <line num="60" count="1" type="stmt"/>
        <line num="71" count="1" type="stmt"/>
        <line num="77" count="1" type="stmt"/>
        <line num="83" count="0" type="stmt"/>
        <line num="88" count="6" type="stmt"/>
        <line num="89" count="2" type="stmt"/>
        <line num="90" count="2" type="stmt"/>
        <line num="93" count="2" type="cond" truecount="2" falsecount="0"/>
        <line num="94" count="1" type="stmt"/>
        <line num="99" count="1" type="cond" truecount="1" falsecount="1"/>
        <line num="100" count="1" type="stmt"/>
        <line num="103" count="0" type="stmt"/>
        <line num="109" count="6" type="stmt"/>
        <line num="110" count="1" type="stmt"/>
        <line num="112" count="1" type="stmt"/>
        <line num="116" count="1" type="stmt"/>
        <line num="123" count="0" type="stmt"/>
        <line num="128" count="6" type="stmt"/>
      </file>
      <file name="productsController.js" path="/Users/victoriacampiotti/Desktop/Sprint3/SPRINT3_GRUPO2/api/controllers/productsController.js">
        <metrics statements="70" coveredstatements="66" conditionals="16" coveredconditionals="16" methods="10" coveredmethods="10"/>
        <line num="2" count="6" type="stmt"/>
        <line num="3" count="6" type="stmt"/>
        <line num="4" count="6" type="stmt"/>
        <line num="7" count="6" type="stmt"/>
        <line num="9" count="6" type="stmt"/>
        <line num="16" count="2" type="stmt"/>
        <line num="17" count="2" type="stmt"/>
        <line num="26" count="1" type="stmt"/>
        <line num="28" count="1" type="stmt"/>
        <line num="32" count="1" type="stmt"/>
        <line num="43" count="3" type="stmt"/>
        <line num="44" count="3" type="stmt"/>
        <line num="56" count="2" type="cond" truecount="2" falsecount="0"/>
        <line num="57" count="1" type="stmt"/>
        <line num="62" count="1" type="stmt"/>
        <line num="65" count="1" type="stmt"/>
        <line num="75" count="1" type="stmt"/>
        <line num="76" count="1" type="stmt"/>
        <line num="84" count="1" type="stmt"/>
        <line num="85" count="1" type="stmt"/>
        <line num="89" count="0" type="stmt"/>
        <line num="98" count="2" type="stmt"/>
        <line num="99" count="2" type="stmt"/>
        <line num="114" count="2" type="stmt"/>
        <line num="115" count="2" type="cond" truecount="2" falsecount="0"/>
        <line num="116" count="1" type="stmt"/>
        <line num="120" count="1" type="stmt"/>
        <line num="126" count="0" type="stmt"/>
        <line num="133" count="2" type="stmt"/>
        <line num="134" count="2" type="stmt"/>
        <line num="140" count="1" type="stmt"/>
        <line num="144" count="1" type="stmt"/>
        <line num="152" count="2" type="stmt"/>
        <line num="154" count="2" type="stmt"/>
        <line num="156" count="2" type="stmt"/>
        <line num="169" count="2" type="cond" truecount="4" falsecount="0"/>
        <line num="171" count="1" type="stmt"/>
        <line num="176" count="1" type="stmt"/>
        <line num="181" count="0" type="stmt"/>
        <line num="188" count="3" type="stmt"/>
        <line num="191" count="3" type="stmt"/>
        <line num="192" count="3" type="stmt"/>
        <line num="205" count="2" type="cond" truecount="2" falsecount="0"/>
        <line num="206" count="1" type="stmt"/>
        <line num="211" count="1" type="stmt"/>
        <line num="216" count="1" type="stmt"/>
        <line num="217" count="1" type="stmt"/>
        <line num="225" count="5" type="cond" truecount="2" falsecount="0"/>
        <line num="226" count="3" type="stmt"/>
        <line num="228" count="2" type="stmt"/>
        <line num="235" count="3" type="stmt"/>
        <line num="236" count="3" type="stmt"/>
        <line num="237" count="3" type="stmt"/>
        <line num="238" count="3" type="stmt"/>
        <line num="249" count="3" type="stmt"/>
        <line num="253" count="2" type="cond" truecount="2" falsecount="0"/>
        <line num="254" count="1" type="stmt"/>
        <line num="256" count="1" type="stmt"/>
        <line num="259" count="1" type="stmt"/>
        <line num="266" count="2" type="stmt"/>
        <line num="268" count="2" type="stmt"/>
        <line num="269" count="2" type="stmt"/>
        <line num="271" count="2" type="cond" truecount="2" falsecount="0"/>
        <line num="272" count="1" type="stmt"/>
        <line num="275" count="1" type="stmt"/>
        <line num="278" count="1" type="stmt"/>
        <line num="279" count="1" type="stmt"/>
        <line num="285" count="1" type="stmt"/>
        <line num="293" count="0" type="stmt"/>
        <line num="298" count="6" type="stmt"/>
      </file>
      <file name="usersController.js" path="/Users/victoriacampiotti/Desktop/Sprint3/SPRINT3_GRUPO2/api/controllers/usersController.js">
        <metrics statements="59" coveredstatements="55" conditionals="12" coveredconditionals="11" methods="6" coveredmethods="6"/>
        <line num="2" count="6" type="stmt"/>
        <line num="3" count="6" type="stmt"/>
        <line num="4" count="6" type="stmt"/>
        <line num="5" count="6" type="stmt"/>
        <line num="6" count="6" type="stmt"/>
        <line num="7" count="6" type="stmt"/>
        <line num="8" count="6" type="stmt"/>
        <line num="12" count="6" type="stmt"/>
        <line num="13" count="2" type="stmt"/>
        <line num="14" count="2" type="stmt"/>
        <line num="37" count="1" type="stmt"/>
        <line num="39" count="1" type="stmt"/>
        <line num="40" count="1" type="stmt"/>
        <line num="53" count="6" type="stmt"/>
        <line num="54" count="2" type="stmt"/>
        <line num="55" count="2" type="stmt"/>
        <line num="79" count="2" type="cond" truecount="2" falsecount="0"/>
        <line num="80" count="1" type="stmt"/>
        <line num="83" count="1" type="stmt"/>
        <line num="86" count="0" type="stmt"/>
        <line num="94" count="6" type="stmt"/>
        <line num="96" count="1" type="stmt"/>
        <line num="97" count="1" type="stmt"/>
        <line num="98" count="1" type="stmt"/>
        <line num="103" count="1" type="stmt"/>
        <line num="105" count="1" type="stmt"/>
        <line num="108" count="0" type="stmt"/>
        <line num="119" count="6" type="stmt"/>
        <line num="120" count="2" type="stmt"/>
        <line num="121" count="2" type="stmt"/>
        <line num="126" count="2" type="cond" truecount="2" falsecount="0"/>
        <line num="127" count="1" type="stmt"/>
        <line num="129" count="1" type="stmt"/>
        <line num="132" count="1" type="stmt"/>
        <line num="136" count="1" type="cond" truecount="1" falsecount="1"/>
        <line num="137" count="1" type="stmt"/>
        <line num="142" count="0" type="stmt"/>
        <line num="154" count="6" type="stmt"/>
        <line num="155" count="3" type="stmt"/>
        <line num="156" count="3" type="stmt"/>
        <line num="177" count="3" type="cond" truecount="2" falsecount="0"/>
        <line num="178" count="1" type="stmt"/>
        <line num="182" count="2" type="cond" truecount="2" falsecount="0"/>
        <line num="183" count="1" type="stmt"/>
        <line num="186" count="1" type="stmt"/>
        <line num="187" count="1" type="stmt"/>
        <line num="189" count="1" type="stmt"/>
        <line num="196" count="0" type="stmt"/>
        <line num="201" count="6" type="stmt"/>
        <line num="203" count="3" type="stmt"/>
        <line num="205" count="3" type="stmt"/>
        <line num="206" count="3" type="stmt"/>
        <line num="211" count="2" type="cond" truecount="2" falsecount="0"/>
        <line num="212" count="1" type="stmt"/>
        <line num="218" count="1" type="stmt"/>
        <line num="223" count="1" type="stmt"/>
        <line num="225" count="1" type="stmt"/>
        <line num="234" count="1" type="stmt"/>
        <line num="240" count="6" type="stmt"/>
      </file>
    </package>
    <package name="SPRINT3_GRUPO2.api.middlewares">
      <metrics statements="53" coveredstatements="52" conditionals="23" coveredconditionals="21" methods="6" coveredmethods="6"/>
      <file name="handleErros.js" path="/Users/victoriacampiotti/Desktop/Sprint3/SPRINT3_GRUPO2/api/middlewares/handleErros.js">
        <metrics statements="7" coveredstatements="7" conditionals="2" coveredconditionals="2" methods="1" coveredmethods="1"/>
        <line num="1" count="6" type="stmt"/>
        <line num="3" count="6" type="stmt"/>
        <line num="5" count="16" type="stmt"/>
        <line num="7" count="16" type="cond" truecount="2" falsecount="0"/>
        <line num="8" count="6" type="stmt"/>
        <line num="12" count="10" type="stmt"/>
        <line num="15" count="6" type="stmt"/>
      </file>
      <file name="verifyJWT.js" path="/Users/victoriacampiotti/Desktop/Sprint3/SPRINT3_GRUPO2/api/middlewares/verifyJWT.js">
        <metrics statements="9" coveredstatements="9" conditionals="0" coveredconditionals="0" methods="1" coveredmethods="1"/>
        <line num="1" count="6" type="stmt"/>
        <line num="3" count="6" type="stmt"/>
        <line num="7" count="6" type="stmt"/>
        <line num="9" count="71" type="stmt"/>
        <line num="10" count="71" type="stmt"/>
        <line num="12" count="71" type="stmt"/>
        <line num="13" count="58" type="stmt"/>
        <line num="17" count="13" type="stmt"/>
        <line num="25" count="6" type="stmt"/>
      </file>
      <file name="verifyRoles.js" path="/Users/victoriacampiotti/Desktop/Sprint3/SPRINT3_GRUPO2/api/middlewares/verifyRoles.js">
        <metrics statements="37" coveredstatements="36" conditionals="21" coveredconditionals="19" methods="4" coveredmethods="4"/>
        <line num="2" count="6" type="stmt"/>
        <line num="3" count="6" type="stmt"/>
        <line num="5" count="6" type="stmt"/>
        <line num="11" count="84" type="stmt"/>
        <line num="13" count="33" type="stmt"/>
        <line num="15" count="33" type="cond" truecount="2" falsecount="0"/>
        <line num="16" count="32" type="cond" truecount="3" falsecount="0"/>
        <line num="19" count="17" type="stmt"/>
        <line num="20" count="17" type="stmt"/>
        <line num="23" count="7" type="cond" truecount="2" falsecount="0"/>
        <line num="24" count="3" type="cond" truecount="2" falsecount="0"/>
        <line num="26" count="2" type="cond" truecount="2" falsecount="0"/>
        <line num="28" count="1" type="stmt"/>
        <line num="35" count="1" type="stmt"/>
        <line num="40" count="5" type="stmt"/>
        <line num="43" count="8" type="cond" truecount="1" falsecount="1"/>
        <line num="44" count="8" type="cond" truecount="2" falsecount="0"/>
        <line num="45" count="4" type="cond" truecount="2" falsecount="0"/>
        <line num="47" count="1" type="stmt"/>
        <line num="54" count="4" type="stmt"/>
        <line num="59" count="3" type="stmt"/>
        <line num="62" count="1" type="stmt"/>
        <line num="66" count="6" type="stmt"/>
        <line num="67" count="6" type="cond" truecount="2" falsecount="0"/>
        <line num="68" count="4" type="stmt"/>
        <line num="70" count="2" type="stmt"/>
        <line num="73" count="6" type="stmt"/>
        <line num="75" count="33" type="stmt"/>
        <line num="77" count="33" type="stmt"/>
        <line num="78" count="33" type="stmt"/>
        <line num="80" count="32" type="cond" truecount="1" falsecount="1"/>
        <line num="81" count="0" type="stmt"/>
        <line num="89" count="32" type="stmt"/>
        <line num="90" count="32" type="stmt"/>
        <line num="97" count="1" type="stmt"/>
        <line num="99" count="33" type="stmt"/>
        <line num="104" count="6" type="stmt"/>
      </file>
    </package>
    <package name="SPRINT3_GRUPO2.api.routes">
      <metrics statements="57" coveredstatements="57" conditionals="0" coveredconditionals="0" methods="0" coveredmethods="0"/>
      <file name="cartsRoutes.js" path="/Users/victoriacampiotti/Desktop/Sprint3/SPRINT3_GRUPO2/api/routes/cartsRoutes.js">
        <metrics statements="8" coveredstatements="8" conditionals="0" coveredconditionals="0" methods="0" coveredmethods="0"/>
        <line num="1" count="6" type="stmt"/>
        <line num="2" count="6" type="stmt"/>
        <line num="3" count="6" type="stmt"/>
        <line num="4" count="6" type="stmt"/>
        <line num="5" count="6" type="stmt"/>
        <line num="7" count="6" type="stmt"/>
        <line num="9" count="6" type="stmt"/>
        <line num="11" count="6" type="stmt"/>
      </file>
      <file name="pictureRoutes.js" path="/Users/victoriacampiotti/Desktop/Sprint3/SPRINT3_GRUPO2/api/routes/pictureRoutes.js">
        <metrics statements="13" coveredstatements="13" conditionals="0" coveredconditionals="0" methods="0" coveredmethods="0"/>
        <line num="1" count="6" type="stmt"/>
        <line num="2" count="6" type="stmt"/>
        <line num="3" count="6" type="stmt"/>
        <line num="10" count="6" type="stmt"/>
        <line num="11" count="6" type="stmt"/>
        <line num="12" count="6" type="stmt"/>
        <line num="13" count="6" type="stmt"/>
        <line num="21" count="6" type="stmt"/>
        <line num="23" count="6" type="stmt"/>
        <line num="25" count="6" type="stmt"/>
        <line num="38" count="6" type="stmt"/>
        <line num="49" count="6" type="stmt"/>
        <line num="51" count="6" type="stmt"/>
      </file>
      <file name="productsRoutes.js" path="/Users/victoriacampiotti/Desktop/Sprint3/SPRINT3_GRUPO2/api/routes/productsRoutes.js">
        <metrics statements="17" coveredstatements="17" conditionals="0" coveredconditionals="0" methods="0" coveredmethods="0"/>
        <line num="1" count="6" type="stmt"/>
        <line num="2" count="6" type="stmt"/>
        <line num="3" count="6" type="stmt"/>
        <line num="4" count="6" type="stmt"/>
        <line num="5" count="6" type="stmt"/>
        <line num="6" count="6" type="stmt"/>
        <line num="7" count="6" type="stmt"/>
        <line num="11" count="6" type="stmt"/>
        <line num="12" count="6" type="stmt"/>
        <line num="13" count="6" type="stmt"/>
        <line num="14" count="6" type="stmt"/>
        <line num="15" count="6" type="stmt"/>
        <line num="16" count="6" type="stmt"/>
        <line num="28" count="6" type="stmt"/>
        <line num="35" count="6" type="stmt"/>
        <line num="42" count="6" type="stmt"/>
        <line num="47" count="6" type="stmt"/>
      </file>
      <file name="usersRoutes.js" path="/Users/victoriacampiotti/Desktop/Sprint3/SPRINT3_GRUPO2/api/routes/usersRoutes.js">
        <metrics statements="19" coveredstatements="19" conditionals="0" coveredconditionals="0" methods="0" coveredmethods="0"/>
        <line num="1" count="6" type="stmt"/>
        <line num="2" count="6" type="stmt"/>
        <line num="4" count="6" type="stmt"/>
        <line num="12" count="6" type="stmt"/>
        <line num="16" count="6" type="stmt"/>
        <line num="18" count="6" type="stmt"/>
        <line num="19" count="6" type="stmt"/>
        <line num="20" count="6" type="stmt"/>
        <line num="23" count="6" type="stmt"/>
        <line num="25" count="6" type="stmt"/>
        <line num="27" count="6" type="stmt"/>
        <line num="30" count="6" type="stmt"/>
        <line num="37" count="6" type="stmt"/>
        <line num="50" count="6" type="stmt"/>
        <line num="52" count="6" type="stmt"/>
        <line num="54" count="6" type="stmt"/>
        <line num="56" count="6" type="stmt"/>
        <line num="59" count="6" type="stmt"/>
        <line num="66" count="6" type="stmt"/>
      </file>
    </package>
    <package name="SPRINT3_GRUPO2.database.config">
      <metrics statements="2" coveredstatements="2" conditionals="0" coveredconditionals="0" methods="0" coveredmethods="0"/>
      <file name="config.js" path="/Users/victoriacampiotti/Desktop/Sprint3/SPRINT3_GRUPO2/database/config/config.js">
        <metrics statements="2" coveredstatements="2" conditionals="0" coveredconditionals="0" methods="0" coveredmethods="0"/>
        <line num="1" count="6" type="stmt"/>
        <line num="3" count="6" type="stmt"/>
      </file>
    </package>
    <package name="SPRINT3_GRUPO2.database.models">
      <metrics statements="64" coveredstatements="62" conditionals="9" coveredconditionals="6" methods="10" coveredmethods="10"/>
      <file name="carts.js" path="/Users/victoriacampiotti/Desktop/Sprint3/SPRINT3_GRUPO2/database/models/carts.js">
        <metrics statements="3" coveredstatements="3" conditionals="0" coveredconditionals="0" methods="1" coveredmethods="1"/>
        <line num="1" count="6" type="stmt"/>
        <line num="2" count="6" type="stmt"/>
        <line num="3" count="51" type="stmt"/>
      </file>
      <file name="category.js" path="/Users/victoriacampiotti/Desktop/Sprint3/SPRINT3_GRUPO2/database/models/category.js">
        <metrics statements="3" coveredstatements="3" conditionals="0" coveredconditionals="0" methods="1" coveredmethods="1"/>
        <line num="1" count="6" type="stmt"/>
        <line num="2" count="6" type="stmt"/>
        <line num="3" count="51" type="stmt"/>
      </file>
      <file name="index.js" path="/Users/victoriacampiotti/Desktop/Sprint3/SPRINT3_GRUPO2/database/models/index.js">
        <metrics statements="20" coveredstatements="18" conditionals="9" coveredconditionals="6" methods="3" coveredmethods="3"/>
        <line num="3" count="6" type="stmt"/>
        <line num="4" count="6" type="stmt"/>
        <line num="5" count="6" type="stmt"/>
        <line num="6" count="6" type="stmt"/>
        <line num="7" count="6" type="cond" truecount="1" falsecount="1"/>
        <line num="8" count="6" type="stmt"/>
        <line num="9" count="6" type="stmt"/>
        <line num="12" count="6" type="cond" truecount="1" falsecount="1"/>
        <line num="13" count="0" type="stmt"/>
        <line num="15" count="6" type="stmt"/>
        <line num="18" count="6" type="stmt"/>
        <line num="21" count="48" type="cond" truecount="3" falsecount="0"/>
        <line num="24" count="42" type="stmt"/>
        <line num="25" count="42" type="stmt"/>
        <line num="28" count="6" type="stmt"/>
        <line num="29" count="42" type="cond" truecount="1" falsecount="1"/>
        <line num="30" count="0" type="stmt"/>
        <line num="34" count="6" type="stmt"/>
        <line num="35" count="6" type="stmt"/>
        <line num="37" count="6" type="stmt"/>
      </file>
      <file name="init-models.js" path="/Users/victoriacampiotti/Desktop/Sprint3/SPRINT3_GRUPO2/database/models/init-models.js">
        <metrics statements="27" coveredstatements="27" conditionals="0" coveredconditionals="0" methods="1" coveredmethods="1"/>
        <line num="1" count="6" type="stmt"/>
        <line num="2" count="6" type="stmt"/>
        <line num="3" count="6" type="stmt"/>
        <line num="4" count="6" type="stmt"/>
        <line num="5" count="6" type="stmt"/>
        <line num="6" count="6" type="stmt"/>
        <line num="7" count="6" type="stmt"/>
        <line num="10" count="45" type="stmt"/>
        <line num="11" count="45" type="stmt"/>
        <line num="12" count="45" type="stmt"/>
        <line num="13" count="45" type="stmt"/>
        <line num="14" count="45" type="stmt"/>
        <line num="15" count="45" type="stmt"/>
        <line num="17" count="45" type="stmt"/>
        <line num="18" count="45" type="stmt"/>
        <line num="19" count="45" type="stmt"/>
        <line num="20" count="45" type="stmt"/>
        <line num="21" count="45" type="stmt"/>
        <line num="22" count="45" type="stmt"/>
        <line num="23" count="45" type="stmt"/>
        <line num="24" count="45" type="stmt"/>
        <line num="25" count="45" type="stmt"/>
        <line num="26" count="45" type="stmt"/>
        <line num="28" count="45" type="stmt"/>
        <line num="38" count="6" type="stmt"/>
        <line num="39" count="6" type="stmt"/>
        <line num="40" count="6" type="stmt"/>
      </file>
      <file name="pictures.js" path="/Users/victoriacampiotti/Desktop/Sprint3/SPRINT3_GRUPO2/database/models/pictures.js">
        <metrics statements="3" coveredstatements="3" conditionals="0" coveredconditionals="0" methods="1" coveredmethods="1"/>
        <line num="1" count="6" type="stmt"/>
        <line num="2" count="6" type="stmt"/>
        <line num="3" count="51" type="stmt"/>
      </file>
      <file name="product_cart.js" path="/Users/victoriacampiotti/Desktop/Sprint3/SPRINT3_GRUPO2/database/models/product_cart.js">
        <metrics statements="3" coveredstatements="3" conditionals="0" coveredconditionals="0" methods="1" coveredmethods="1"/>
        <line num="1" count="6" type="stmt"/>
        <line num="2" count="6" type="stmt"/>
        <line num="3" count="51" type="stmt"/>
      </file>
      <file name="products.js" path="/Users/victoriacampiotti/Desktop/Sprint3/SPRINT3_GRUPO2/database/models/products.js">
        <metrics statements="3" coveredstatements="3" conditionals="0" coveredconditionals="0" methods="1" coveredmethods="1"/>
        <line num="1" count="6" type="stmt"/>
        <line num="2" count="6" type="stmt"/>
        <line num="3" count="51" type="stmt"/>
      </file>
      <file name="users.js" path="/Users/victoriacampiotti/Desktop/Sprint3/SPRINT3_GRUPO2/database/models/users.js">
        <metrics statements="2" coveredstatements="2" conditionals="0" coveredconditionals="0" methods="1" coveredmethods="1"/>
        <line num="2" count="6" type="stmt"/>
        <line num="3" count="51" type="stmt"/>
      </file>
    </package>
    <package name="SPRINT3_GRUPO2.helpers">
      <metrics statements="24" coveredstatements="23" conditionals="11" coveredconditionals="10" methods="6" coveredmethods="6"/>
      <file name="extractToken.js" path="/Users/victoriacampiotti/Desktop/Sprint3/SPRINT3_GRUPO2/helpers/extractToken.js">
        <metrics statements="5" coveredstatements="5" conditionals="4" coveredconditionals="4" methods="1" coveredmethods="1"/>
        <line num="1" count="6" type="stmt"/>
        <line num="2" count="71" type="cond" truecount="4" falsecount="0"/>
        <line num="3" count="58" type="stmt"/>
        <line num="5" count="13" type="stmt"/>
        <line num="9" count="6" type="stmt"/>
      </file>
      <file name="generateJWT.js" path="/Users/victoriacampiotti/Desktop/Sprint3/SPRINT3_GRUPO2/helpers/generateJWT.js">
        <metrics statements="8" coveredstatements="7" conditionals="3" coveredconditionals="2" methods="3" coveredmethods="3"/>
        <line num="1" count="6" type="stmt"/>
        <line num="3" count="6" type="cond" truecount="1" falsecount="0"/>
        <line num="5" count="59" type="stmt"/>
        <line num="7" count="59" type="stmt"/>
        <line num="11" count="59" type="cond" truecount="1" falsecount="1"/>
        <line num="13" count="0" type="stmt"/>
        <line num="16" count="59" type="stmt"/>
        <line num="22" count="6" type="stmt"/>
      </file>
      <file name="verifyUnique.js" path="/Users/victoriacampiotti/Desktop/Sprint3/SPRINT3_GRUPO2/helpers/verifyUnique.js">
        <metrics statements="11" coveredstatements="11" conditionals="4" coveredconditionals="4" methods="2" coveredmethods="2"/>
        <line num="1" count="6" type="stmt"/>
        <line num="2" count="6" type="stmt"/>
        <line num="4" count="6" type="stmt"/>
        <line num="6" count="6" type="stmt"/>
        <line num="10" count="5" type="stmt"/>
        <line num="13" count="4" type="cond" truecount="2" falsecount="0"/>
        <line num="14" count="1" type="stmt"/>
        <line num="21" count="5" type="stmt"/>
        <line num="24" count="4" type="cond" truecount="2" falsecount="0"/>
        <line num="25" count="1" type="stmt"/>
        <line num="31" count="6" type="stmt"/>
      </file>
    </package>
  </project>
</coverage>
