<?xml version="1.0" encoding="UTF-8"?>
<coverage generated="1664984668431" clover="3.2.0">
  <project timestamp="1664984668431" name="All files">
    <metrics statements="473" coveredstatements="254" conditionals="90" coveredconditionals="19" methods="47" coveredmethods="23" elements="610" coveredelements="296" complexity="0" loc="473" ncloc="473" packages="7" files="24" classes="24"/>
    <package name="SPRINT3_GRUPO2">
      <metrics statements="30" coveredstatements="30" conditionals="0" coveredconditionals="0" methods="2" coveredmethods="1"/>
      <file name="server.js" path="/Users/victoriacampiotti/Desktop/Sprint3/SPRINT3_GRUPO2/server.js">
        <metrics statements="30" coveredstatements="30" conditionals="0" coveredconditionals="0" methods="2" coveredmethods="1"/>
        <line num="1" count="2" type="stmt"/>
        <line num="3" count="2" type="stmt"/>
        <line num="4" count="2" type="stmt"/>
        <line num="5" count="2" type="stmt"/>
        <line num="6" count="2" type="stmt"/>
        <line num="7" count="2" type="stmt"/>
        <line num="8" count="2" type="stmt"/>
        <line num="9" count="2" type="stmt"/>
        <line num="11" count="2" type="stmt"/>
        <line num="12" count="2" type="stmt"/>
        <line num="13" count="2" type="stmt"/>
        <line num="14" count="2" type="stmt"/>
        <line num="16" count="2" type="stmt"/>
        <line num="18" count="2" type="stmt"/>
        <line num="21" count="2" type="stmt"/>
        <line num="23" count="2" type="stmt"/>
        <line num="24" count="2" type="stmt"/>
        <line num="26" count="2" type="stmt"/>
        <line num="27" count="2" type="stmt"/>
        <line num="29" count="2" type="stmt"/>
        <line num="31" count="2" type="stmt"/>
        <line num="33" count="2" type="stmt"/>
        <line num="40" count="2" type="stmt"/>
        <line num="41" count="2" type="stmt"/>
        <line num="42" count="2" type="stmt"/>
        <line num="43" count="2" type="stmt"/>
        <line num="47" count="2" type="stmt"/>
        <line num="48" count="2" type="stmt"/>
        <line num="49" count="2" type="stmt"/>
        <line num="53" count="2" type="stmt"/>
      </file>
    </package>
    <package name="SPRINT3_GRUPO2.api.controllers">
      <metrics statements="239" coveredstatements="55" conditionals="46" coveredconditionals="5" methods="23" coveredmethods="4"/>
      <file name="cartsController.js" path="/Users/victoriacampiotti/Desktop/Sprint3/SPRINT3_GRUPO2/api/controllers/cartsController.js">
        <metrics statements="51" coveredstatements="5" conditionals="10" coveredconditionals="0" methods="2" coveredmethods="0"/>
        <line num="1" count="2" type="stmt"/>
        <line num="2" count="2" type="stmt"/>
        <line num="4" count="2" type="stmt"/>
        <line num="6" count="2" type="stmt"/>
        <line num="8" count="0" type="stmt"/>
        <line num="9" count="0" type="stmt"/>
        <line num="22" count="0" type="cond" truecount="0" falsecount="2"/>
        <line num="23" count="0" type="stmt"/>
        <line num="29" count="0" type="stmt"/>
        <line num="31" count="0" type="stmt"/>
        <line num="32" count="0" type="stmt"/>
        <line num="39" count="0" type="stmt"/>
        <line num="40" count="0" type="stmt"/>
        <line num="42" count="0" type="stmt"/>
        <line num="44" count="0" type="stmt"/>
        <line num="51" count="0" type="cond" truecount="0" falsecount="2"/>
        <line num="52" count="0" type="stmt"/>
        <line num="58" count="0" type="stmt"/>
        <line num="62" count="0" type="stmt"/>
        <line num="69" count="0" type="stmt"/>
        <line num="70" count="0" type="stmt"/>
        <line num="71" count="0" type="cond" truecount="0" falsecount="2"/>
        <line num="72" count="0" type="stmt"/>
        <line num="73" count="0" type="stmt"/>
        <line num="74" count="0" type="stmt"/>
        <line num="75" count="0" type="stmt"/>
        <line num="85" count="0" type="stmt"/>
        <line num="86" count="0" type="stmt"/>
        <line num="88" count="0" type="cond" truecount="0" falsecount="2"/>
        <line num="89" count="0" type="stmt"/>
        <line num="90" count="0" type="stmt"/>
        <line num="95" count="0" type="cond" truecount="0" falsecount="2"/>
        <line num="97" count="0" type="stmt"/>
        <line num="98" count="0" type="stmt"/>
        <line num="99" count="0" type="stmt"/>
        <line num="107" count="0" type="stmt"/>
        <line num="113" count="0" type="stmt"/>
        <line num="120" count="0" type="stmt"/>
        <line num="121" count="0" type="stmt"/>
        <line num="129" count="0" type="stmt"/>
        <line num="130" count="0" type="stmt"/>
        <line num="131" count="0" type="stmt"/>
        <line num="132" count="0" type="stmt"/>
        <line num="133" count="0" type="stmt"/>
        <line num="134" count="0" type="stmt"/>
        <line num="143" count="0" type="stmt"/>
        <line num="144" count="0" type="stmt"/>
        <line num="150" count="0" type="stmt"/>
        <line num="153" count="0" type="stmt"/>
        <line num="154" count="0" type="stmt"/>
        <line num="163" count="2" type="stmt"/>
      </file>
      <file name="picturesController.js" path="/Users/victoriacampiotti/Desktop/Sprint3/SPRINT3_GRUPO2/api/controllers/picturesController.js">
        <metrics statements="47" coveredstatements="9" conditionals="12" coveredconditionals="0" methods="5" coveredmethods="0"/>
        <line num="1" count="2" type="stmt"/>
        <line num="2" count="2" type="stmt"/>
        <line num="3" count="2" type="stmt"/>
        <line num="6" count="2" type="stmt"/>
        <line num="7" count="0" type="stmt"/>
        <line num="8" count="0" type="stmt"/>
        <line num="12" count="0" type="cond" truecount="0" falsecount="2"/>
        <line num="13" count="0" type="stmt"/>
        <line num="18" count="0" type="stmt"/>
        <line num="24" count="0" type="stmt"/>
        <line num="25" count="0" type="stmt"/>
        <line num="33" count="2" type="stmt"/>
        <line num="34" count="0" type="stmt"/>
        <line num="36" count="0" type="stmt"/>
        <line num="38" count="0" type="stmt"/>
        <line num="41" count="0" type="cond" truecount="0" falsecount="2"/>
        <line num="42" count="0" type="stmt"/>
        <line num="47" count="0" type="stmt"/>
        <line num="53" count="0" type="stmt"/>
        <line num="54" count="0" type="stmt"/>
        <line num="63" count="2" type="stmt"/>
        <line num="65" count="0" type="stmt"/>
        <line num="68" count="0" type="stmt"/>
        <line num="69" count="0" type="stmt"/>
        <line num="70" count="0" type="stmt"/>
        <line num="73" count="0" type="cond" truecount="0" falsecount="4"/>
        <line num="74" count="0" type="stmt"/>
        <line num="81" count="0" type="stmt"/>
        <line num="87" count="0" type="stmt"/>
        <line num="93" count="0" type="stmt"/>
        <line num="94" count="0" type="stmt"/>
        <line num="102" count="2" type="stmt"/>
        <line num="103" count="0" type="stmt"/>
        <line num="104" count="0" type="stmt"/>
        <line num="107" count="0" type="cond" truecount="0" falsecount="2"/>
        <line num="108" count="0" type="stmt"/>
        <line num="113" count="0" type="cond" truecount="0" falsecount="2"/>
        <line num="114" count="0" type="stmt"/>
        <line num="120" count="0" type="stmt"/>
        <line num="121" count="0" type="stmt"/>
        <line num="130" count="2" type="stmt"/>
        <line num="131" count="0" type="stmt"/>
        <line num="133" count="0" type="stmt"/>
        <line num="137" count="0" type="stmt"/>
        <line num="144" count="0" type="stmt"/>
        <line num="145" count="0" type="stmt"/>
        <line num="153" count="2" type="stmt"/>
      </file>
      <file name="productsController.js" path="/Users/victoriacampiotti/Desktop/Sprint3/SPRINT3_GRUPO2/api/controllers/productsController.js">
        <metrics statements="74" coveredstatements="27" conditionals="12" coveredconditionals="5" methods="10" coveredmethods="4"/>
        <line num="2" count="2" type="stmt"/>
        <line num="3" count="2" type="stmt"/>
        <line num="4" count="2" type="stmt"/>
        <line num="5" count="2" type="stmt"/>
        <line num="6" count="2" type="stmt"/>
        <line num="9" count="2" type="stmt"/>
        <line num="11" count="2" type="stmt"/>
        <line num="18" count="0" type="stmt"/>
        <line num="19" count="0" type="stmt"/>
        <line num="28" count="0" type="stmt"/>
        <line num="30" count="0" type="stmt"/>
        <line num="34" count="0" type="stmt"/>
        <line num="45" count="0" type="stmt"/>
        <line num="46" count="0" type="stmt"/>
        <line num="58" count="0" type="cond" truecount="0" falsecount="2"/>
        <line num="59" count="0" type="stmt"/>
        <line num="64" count="0" type="stmt"/>
        <line num="67" count="0" type="stmt"/>
        <line num="80" count="0" type="stmt"/>
        <line num="81" count="0" type="stmt"/>
        <line num="89" count="0" type="stmt"/>
        <line num="90" count="0" type="stmt"/>
        <line num="94" count="0" type="stmt"/>
        <line num="106" count="0" type="stmt"/>
        <line num="107" count="0" type="stmt"/>
        <line num="122" count="0" type="stmt"/>
        <line num="123" count="0" type="stmt"/>
        <line num="127" count="0" type="stmt"/>
        <line num="137" count="1" type="stmt"/>
        <line num="138" count="1" type="stmt"/>
        <line num="144" count="1" type="stmt"/>
        <line num="147" count="0" type="stmt"/>
        <line num="148" count="0" type="stmt"/>
        <line num="159" count="0" type="stmt"/>
        <line num="161" count="0" type="stmt"/>
        <line num="163" count="0" type="stmt"/>
        <line num="176" count="0" type="cond" truecount="0" falsecount="2"/>
        <line num="178" count="0" type="stmt"/>
        <line num="183" count="0" type="stmt"/>
        <line num="188" count="0" type="stmt"/>
        <line num="189" count="0" type="stmt"/>
        <line num="199" count="2" type="stmt"/>
        <line num="202" count="2" type="stmt"/>
        <line num="203" count="2" type="stmt"/>
        <line num="216" count="2" type="cond" truecount="2" falsecount="0"/>
        <line num="217" count="1" type="stmt"/>
        <line num="222" count="1" type="stmt"/>
        <line num="227" count="0" type="stmt"/>
        <line num="228" count="0" type="stmt"/>
        <line num="236" count="2" type="cond" truecount="1" falsecount="1"/>
        <line num="237" count="2" type="stmt"/>
        <line num="239" count="0" type="stmt"/>
        <line num="246" count="2" type="stmt"/>
        <line num="247" count="2" type="stmt"/>
        <line num="248" count="2" type="stmt"/>
        <line num="249" count="2" type="stmt"/>
        <line num="260" count="2" type="stmt"/>
        <line num="264" count="2" type="cond" truecount="2" falsecount="0"/>
        <line num="265" count="1" type="stmt"/>
        <line num="267" count="1" type="stmt"/>
        <line num="270" count="0" type="stmt"/>
        <line num="271" count="0" type="stmt"/>
        <line num="278" count="0" type="stmt"/>
        <line num="280" count="0" type="stmt"/>
        <line num="281" count="0" type="stmt"/>
        <line num="283" count="0" type="cond" truecount="0" falsecount="2"/>
        <line num="284" count="0" type="stmt"/>
        <line num="287" count="0" type="stmt"/>
        <line num="290" count="0" type="stmt"/>
        <line num="291" count="0" type="stmt"/>
        <line num="297" count="0" type="stmt"/>
        <line num="305" count="0" type="stmt"/>
        <line num="306" count="0" type="stmt"/>
        <line num="314" count="2" type="stmt"/>
      </file>
      <file name="usersController.js" path="/Users/victoriacampiotti/Desktop/Sprint3/SPRINT3_GRUPO2/api/controllers/usersController.js">
        <metrics statements="67" coveredstatements="14" conditionals="12" coveredconditionals="0" methods="6" coveredmethods="0"/>
        <line num="2" count="2" type="stmt"/>
        <line num="3" count="2" type="stmt"/>
        <line num="4" count="2" type="stmt"/>
        <line num="5" count="2" type="stmt"/>
        <line num="6" count="2" type="stmt"/>
        <line num="7" count="2" type="stmt"/>
        <line num="8" count="2" type="stmt"/>
        <line num="12" count="2" type="stmt"/>
        <line num="13" count="0" type="stmt"/>
        <line num="14" count="0" type="stmt"/>
        <line num="37" count="0" type="stmt"/>
        <line num="39" count="0" type="stmt"/>
        <line num="40" count="0" type="stmt"/>
        <line num="43" count="0" type="stmt"/>
        <line num="44" count="0" type="stmt"/>
        <line num="55" count="2" type="stmt"/>
        <line num="56" count="0" type="stmt"/>
        <line num="57" count="0" type="stmt"/>
        <line num="81" count="0" type="cond" truecount="0" falsecount="2"/>
        <line num="82" count="0" type="stmt"/>
        <line num="85" count="0" type="stmt"/>
        <line num="88" count="0" type="stmt"/>
        <line num="89" count="0" type="stmt"/>
        <line num="97" count="2" type="stmt"/>
        <line num="99" count="0" type="stmt"/>
        <line num="100" count="0" type="stmt"/>
        <line num="101" count="0" type="stmt"/>
        <line num="108" count="0" type="stmt"/>
        <line num="113" count="0" type="stmt"/>
        <line num="114" count="0" type="stmt"/>
        <line num="117" count="0" type="stmt"/>
        <line num="123" count="0" type="stmt"/>
        <line num="137" count="2" type="stmt"/>
        <line num="138" count="0" type="stmt"/>
        <line num="139" count="0" type="stmt"/>
        <line num="144" count="0" type="cond" truecount="0" falsecount="2"/>
        <line num="145" count="0" type="stmt"/>
        <line num="147" count="0" type="stmt"/>
        <line num="150" count="0" type="stmt"/>
        <line num="154" count="0" type="cond" truecount="0" falsecount="2"/>
        <line num="155" count="0" type="stmt"/>
        <line num="160" count="0" type="stmt"/>
        <line num="161" count="0" type="stmt"/>
        <line num="173" count="2" type="stmt"/>
        <line num="174" count="0" type="stmt"/>
        <line num="175" count="0" type="stmt"/>
        <line num="196" count="0" type="cond" truecount="0" falsecount="2"/>
        <line num="197" count="0" type="stmt"/>
        <line num="201" count="0" type="cond" truecount="0" falsecount="2"/>
        <line num="202" count="0" type="stmt"/>
        <line num="205" count="0" type="stmt"/>
        <line num="206" count="0" type="stmt"/>
        <line num="208" count="0" type="stmt"/>
        <line num="215" count="0" type="stmt"/>
        <line num="217" count="0" type="stmt"/>
        <line num="222" count="2" type="stmt"/>
        <line num="224" count="0" type="stmt"/>
        <line num="226" count="0" type="stmt"/>
        <line num="227" count="0" type="stmt"/>
        <line num="232" count="0" type="cond" truecount="0" falsecount="2"/>
        <line num="233" count="0" type="stmt"/>
        <line num="239" count="0" type="stmt"/>
        <line num="244" count="0" type="stmt"/>
        <line num="246" count="0" type="stmt"/>
        <line num="255" count="0" type="stmt"/>
        <line num="256" count="0" type="stmt"/>
        <line num="265" count="2" type="stmt"/>
      </file>
    </package>
    <package name="SPRINT3_GRUPO2.api.middlewares">
      <metrics statements="56" coveredstatements="31" conditionals="24" coveredconditionals="2" methods="6" coveredmethods="4"/>
      <file name="handleErros.js" path="/Users/victoriacampiotti/Desktop/Sprint3/SPRINT3_GRUPO2/api/middlewares/handleErros.js">
        <metrics statements="7" coveredstatements="3" conditionals="2" coveredconditionals="0" methods="1" coveredmethods="0"/>
        <line num="1" count="2" type="stmt"/>
        <line num="3" count="2" type="stmt"/>
        <line num="5" count="0" type="stmt"/>
        <line num="7" count="0" type="cond" truecount="0" falsecount="2"/>
        <line num="8" count="0" type="stmt"/>
        <line num="12" count="0" type="stmt"/>
        <line num="15" count="2" type="stmt"/>
      </file>
      <file name="verifyJWT.js" path="/Users/victoriacampiotti/Desktop/Sprint3/SPRINT3_GRUPO2/api/middlewares/verifyJWT.js">
        <metrics statements="9" coveredstatements="9" conditionals="0" coveredconditionals="0" methods="1" coveredmethods="1"/>
        <line num="1" count="2" type="stmt"/>
        <line num="3" count="2" type="stmt"/>
        <line num="7" count="2" type="stmt"/>
        <line num="9" count="13" type="stmt"/>
        <line num="10" count="13" type="stmt"/>
        <line num="12" count="13" type="stmt"/>
        <line num="13" count="10" type="stmt"/>
        <line num="17" count="3" type="stmt"/>
        <line num="25" count="2" type="stmt"/>
      </file>
      <file name="verifyRoles.js" path="/Users/victoriacampiotti/Desktop/Sprint3/SPRINT3_GRUPO2/api/middlewares/verifyRoles.js">
        <metrics statements="40" coveredstatements="19" conditionals="22" coveredconditionals="2" methods="4" coveredmethods="3"/>
        <line num="2" count="2" type="stmt"/>
        <line num="3" count="2" type="stmt"/>
        <line num="5" count="2" type="stmt"/>
        <line num="11" count="28" type="stmt"/>
        <line num="13" count="5" type="stmt"/>
        <line num="15" count="5" type="cond" truecount="1" falsecount="1"/>
        <line num="16" count="0" type="cond" truecount="0" falsecount="4"/>
        <line num="19" count="0" type="stmt"/>
        <line num="20" count="0" type="stmt"/>
        <line num="23" count="0" type="cond" truecount="0" falsecount="2"/>
        <line num="24" count="0" type="cond" truecount="0" falsecount="2"/>
        <line num="26" count="0" type="cond" truecount="0" falsecount="2"/>
        <line num="28" count="0" type="stmt"/>
        <line num="35" count="0" type="stmt"/>
        <line num="40" count="0" type="stmt"/>
        <line num="43" count="0" type="cond" truecount="0" falsecount="2"/>
        <line num="44" count="0" type="cond" truecount="0" falsecount="2"/>
        <line num="45" count="0" type="cond" truecount="0" falsecount="2"/>
        <line num="47" count="0" type="stmt"/>
        <line num="54" count="0" type="stmt"/>
        <line num="59" count="0" type="stmt"/>
        <line num="62" count="0" type="stmt"/>
        <line num="66" count="0" type="stmt"/>
        <line num="70" count="5" type="stmt"/>
        <line num="79" count="2" type="stmt"/>
        <line num="80" count="0" type="cond" truecount="0" falsecount="2"/>
        <line num="81" count="0" type="stmt"/>
        <line num="83" count="0" type="stmt"/>
        <line num="86" count="2" type="stmt"/>
        <line num="88" count="5" type="stmt"/>
        <line num="90" count="5" type="stmt"/>
        <line num="91" count="5" type="stmt"/>
        <line num="93" count="5" type="cond" truecount="1" falsecount="1"/>
        <line num="94" count="5" type="stmt"/>
        <line num="102" count="5" type="stmt"/>
        <line num="103" count="0" type="stmt"/>
        <line num="110" count="5" type="stmt"/>
        <line num="111" count="5" type="stmt"/>
        <line num="118" count="5" type="stmt"/>
        <line num="121" count="2" type="stmt"/>
      </file>
    </package>
    <package name="SPRINT3_GRUPO2.api.routes">
      <metrics statements="56" coveredstatements="56" conditionals="0" coveredconditionals="0" methods="0" coveredmethods="0"/>
      <file name="cartsRoutes.js" path="/Users/victoriacampiotti/Desktop/Sprint3/SPRINT3_GRUPO2/api/routes/cartsRoutes.js">
        <metrics statements="8" coveredstatements="8" conditionals="0" coveredconditionals="0" methods="0" coveredmethods="0"/>
        <line num="1" count="2" type="stmt"/>
        <line num="2" count="2" type="stmt"/>
        <line num="3" count="2" type="stmt"/>
        <line num="4" count="2" type="stmt"/>
        <line num="5" count="2" type="stmt"/>
        <line num="7" count="2" type="stmt"/>
        <line num="9" count="2" type="stmt"/>
        <line num="11" count="2" type="stmt"/>
      </file>
      <file name="pictureRoutes.js" path="/Users/victoriacampiotti/Desktop/Sprint3/SPRINT3_GRUPO2/api/routes/pictureRoutes.js">
        <metrics statements="13" coveredstatements="13" conditionals="0" coveredconditionals="0" methods="0" coveredmethods="0"/>
        <line num="1" count="2" type="stmt"/>
        <line num="2" count="2" type="stmt"/>
        <line num="3" count="2" type="stmt"/>
        <line num="4" count="2" type="stmt"/>
        <line num="5" count="2" type="stmt"/>
        <line num="6" count="2" type="stmt"/>
        <line num="7" count="2" type="stmt"/>
        <line num="19" count="2" type="stmt"/>
        <line num="21" count="2" type="stmt"/>
        <line num="23" count="2" type="stmt"/>
        <line num="30" count="2" type="stmt"/>
        <line num="37" count="2" type="stmt"/>
        <line num="39" count="2" type="stmt"/>
      </file>
      <file name="productsRoutes.js" path="/Users/victoriacampiotti/Desktop/Sprint3/SPRINT3_GRUPO2/api/routes/productsRoutes.js">
        <metrics statements="16" coveredstatements="16" conditionals="0" coveredconditionals="0" methods="0" coveredmethods="0"/>
        <line num="1" count="2" type="stmt"/>
        <line num="2" count="2" type="stmt"/>
        <line num="3" count="2" type="stmt"/>
        <line num="4" count="2" type="stmt"/>
        <line num="5" count="2" type="stmt"/>
        <line num="6" count="2" type="stmt"/>
        <line num="7" count="2" type="stmt"/>
        <line num="12" count="2" type="stmt"/>
        <line num="13" count="2" type="stmt"/>
        <line num="14" count="2" type="stmt"/>
        <line num="15" count="2" type="stmt"/>
        <line num="16" count="2" type="stmt"/>
        <line num="17" count="2" type="stmt"/>
        <line num="25" count="2" type="stmt"/>
        <line num="27" count="2" type="stmt"/>
        <line num="30" count="2" type="stmt"/>
      </file>
      <file name="usersRoutes.js" path="/Users/victoriacampiotti/Desktop/Sprint3/SPRINT3_GRUPO2/api/routes/usersRoutes.js">
        <metrics statements="19" coveredstatements="19" conditionals="0" coveredconditionals="0" methods="0" coveredmethods="0"/>
        <line num="1" count="2" type="stmt"/>
        <line num="2" count="2" type="stmt"/>
        <line num="4" count="2" type="stmt"/>
        <line num="12" count="2" type="stmt"/>
        <line num="16" count="2" type="stmt"/>
        <line num="18" count="2" type="stmt"/>
        <line num="19" count="2" type="stmt"/>
        <line num="20" count="2" type="stmt"/>
        <line num="23" count="2" type="stmt"/>
        <line num="25" count="2" type="stmt"/>
        <line num="27" count="2" type="stmt"/>
        <line num="30" count="2" type="stmt"/>
        <line num="37" count="2" type="stmt"/>
        <line num="50" count="2" type="stmt"/>
        <line num="52" count="2" type="stmt"/>
        <line num="54" count="2" type="stmt"/>
        <line num="56" count="2" type="stmt"/>
        <line num="59" count="2" type="stmt"/>
        <line num="66" count="2" type="stmt"/>
      </file>
    </package>
    <package name="SPRINT3_GRUPO2.database.config">
      <metrics statements="2" coveredstatements="2" conditionals="0" coveredconditionals="0" methods="0" coveredmethods="0"/>
      <file name="config.js" path="/Users/victoriacampiotti/Desktop/Sprint3/SPRINT3_GRUPO2/database/config/config.js">
        <metrics statements="2" coveredstatements="2" conditionals="0" coveredconditionals="0" methods="0" coveredmethods="0"/>
        <line num="1" count="2" type="stmt"/>
        <line num="3" count="2" type="stmt"/>
      </file>
    </package>
    <package name="SPRINT3_GRUPO2.database.models">
      <metrics statements="65" coveredstatements="63" conditionals="9" coveredconditionals="6" methods="10" coveredmethods="10"/>
      <file name="carts.js" path="/Users/victoriacampiotti/Desktop/Sprint3/SPRINT3_GRUPO2/database/models/carts.js">
        <metrics statements="3" coveredstatements="3" conditionals="0" coveredconditionals="0" methods="1" coveredmethods="1"/>
        <line num="1" count="2" type="stmt"/>
        <line num="2" count="2" type="stmt"/>
        <line num="3" count="17" type="stmt"/>
      </file>
      <file name="category.js" path="/Users/victoriacampiotti/Desktop/Sprint3/SPRINT3_GRUPO2/database/models/category.js">
        <metrics statements="3" coveredstatements="3" conditionals="0" coveredconditionals="0" methods="1" coveredmethods="1"/>
        <line num="1" count="2" type="stmt"/>
        <line num="2" count="2" type="stmt"/>
        <line num="3" count="17" type="stmt"/>
      </file>
      <file name="index.js" path="/Users/victoriacampiotti/Desktop/Sprint3/SPRINT3_GRUPO2/database/models/index.js">
        <metrics statements="20" coveredstatements="18" conditionals="9" coveredconditionals="6" methods="3" coveredmethods="3"/>
        <line num="3" count="2" type="stmt"/>
        <line num="4" count="2" type="stmt"/>
        <line num="5" count="2" type="stmt"/>
        <line num="6" count="2" type="stmt"/>
        <line num="7" count="2" type="cond" truecount="1" falsecount="1"/>
        <line num="8" count="2" type="stmt"/>
        <line num="9" count="2" type="stmt"/>
        <line num="12" count="2" type="cond" truecount="1" falsecount="1"/>
        <line num="13" count="0" type="stmt"/>
        <line num="15" count="2" type="stmt"/>
        <line num="18" count="2" type="stmt"/>
        <line num="21" count="16" type="cond" truecount="3" falsecount="0"/>
        <line num="24" count="14" type="stmt"/>
        <line num="25" count="14" type="stmt"/>
        <line num="28" count="2" type="stmt"/>
        <line num="29" count="14" type="cond" truecount="1" falsecount="1"/>
        <line num="30" count="0" type="stmt"/>
        <line num="34" count="2" type="stmt"/>
        <line num="35" count="2" type="stmt"/>
        <line num="37" count="2" type="stmt"/>
      </file>
      <file name="init-models.js" path="/Users/victoriacampiotti/Desktop/Sprint3/SPRINT3_GRUPO2/database/models/init-models.js">
        <metrics statements="27" coveredstatements="27" conditionals="0" coveredconditionals="0" methods="1" coveredmethods="1"/>
        <line num="1" count="2" type="stmt"/>
        <line num="2" count="2" type="stmt"/>
        <line num="3" count="2" type="stmt"/>
        <line num="4" count="2" type="stmt"/>
        <line num="5" count="2" type="stmt"/>
        <line num="6" count="2" type="stmt"/>
        <line num="7" count="2" type="stmt"/>
        <line num="10" count="15" type="stmt"/>
        <line num="11" count="15" type="stmt"/>
        <line num="12" count="15" type="stmt"/>
        <line num="13" count="15" type="stmt"/>
        <line num="14" count="15" type="stmt"/>
        <line num="15" count="15" type="stmt"/>
        <line num="17" count="15" type="stmt"/>
        <line num="18" count="15" type="stmt"/>
        <line num="19" count="15" type="stmt"/>
        <line num="20" count="15" type="stmt"/>
        <line num="21" count="15" type="stmt"/>
        <line num="22" count="15" type="stmt"/>
        <line num="23" count="15" type="stmt"/>
        <line num="24" count="15" type="stmt"/>
        <line num="25" count="15" type="stmt"/>
        <line num="26" count="15" type="stmt"/>
        <line num="28" count="15" type="stmt"/>
        <line num="38" count="2" type="stmt"/>
        <line num="39" count="2" type="stmt"/>
        <line num="40" count="2" type="stmt"/>
      </file>
      <file name="pictures.js" path="/Users/victoriacampiotti/Desktop/Sprint3/SPRINT3_GRUPO2/database/models/pictures.js">
        <metrics statements="3" coveredstatements="3" conditionals="0" coveredconditionals="0" methods="1" coveredmethods="1"/>
        <line num="1" count="2" type="stmt"/>
        <line num="2" count="2" type="stmt"/>
        <line num="3" count="17" type="stmt"/>
      </file>
      <file name="product_cart.js" path="/Users/victoriacampiotti/Desktop/Sprint3/SPRINT3_GRUPO2/database/models/product_cart.js">
        <metrics statements="3" coveredstatements="3" conditionals="0" coveredconditionals="0" methods="1" coveredmethods="1"/>
        <line num="1" count="2" type="stmt"/>
        <line num="2" count="2" type="stmt"/>
        <line num="3" count="17" type="stmt"/>
      </file>
      <file name="products.js" path="/Users/victoriacampiotti/Desktop/Sprint3/SPRINT3_GRUPO2/database/models/products.js">
        <metrics statements="3" coveredstatements="3" conditionals="0" coveredconditionals="0" methods="1" coveredmethods="1"/>
        <line num="1" count="2" type="stmt"/>
        <line num="2" count="2" type="stmt"/>
        <line num="3" count="17" type="stmt"/>
      </file>
      <file name="users.js" path="/Users/victoriacampiotti/Desktop/Sprint3/SPRINT3_GRUPO2/database/models/users.js">
        <metrics statements="3" coveredstatements="3" conditionals="0" coveredconditionals="0" methods="1" coveredmethods="1"/>
        <line num="1" count="2" type="stmt"/>
        <line num="2" count="2" type="stmt"/>
        <line num="3" count="17" type="stmt"/>
      </file>
    </package>
    <package name="SPRINT3_GRUPO2.helpers">
      <metrics statements="25" coveredstatements="17" conditionals="11" coveredconditionals="6" methods="6" coveredmethods="4"/>
      <file name="extractToken.js" path="/Users/victoriacampiotti/Desktop/Sprint3/SPRINT3_GRUPO2/helpers/extractToken.js">
        <metrics statements="5" coveredstatements="5" conditionals="4" coveredconditionals="4" methods="1" coveredmethods="1"/>
        <line num="1" count="2" type="stmt"/>
        <line num="2" count="13" type="cond" truecount="4" falsecount="0"/>
        <line num="3" count="10" type="stmt"/>
        <line num="5" count="3" type="stmt"/>
        <line num="9" count="2" type="stmt"/>
      </file>
      <file name="generateJWT.js" path="/Users/victoriacampiotti/Desktop/Sprint3/SPRINT3_GRUPO2/helpers/generateJWT.js">
        <metrics statements="9" coveredstatements="7" conditionals="3" coveredconditionals="2" methods="3" coveredmethods="3"/>
        <line num="1" count="2" type="stmt"/>
        <line num="3" count="2" type="cond" truecount="1" falsecount="0"/>
        <line num="5" count="11" type="stmt"/>
        <line num="7" count="11" type="stmt"/>
        <line num="11" count="11" type="cond" truecount="1" falsecount="1"/>
        <line num="12" count="0" type="stmt"/>
        <line num="13" count="0" type="stmt"/>
        <line num="16" count="11" type="stmt"/>
        <line num="22" count="2" type="stmt"/>
      </file>
      <file name="verifyUnique.js" path="/Users/victoriacampiotti/Desktop/Sprint3/SPRINT3_GRUPO2/helpers/verifyUnique.js">
        <metrics statements="11" coveredstatements="5" conditionals="4" coveredconditionals="0" methods="2" coveredmethods="0"/>
        <line num="1" count="2" type="stmt"/>
        <line num="2" count="2" type="stmt"/>
        <line num="4" count="2" type="stmt"/>
        <line num="6" count="2" type="stmt"/>
        <line num="10" count="0" type="stmt"/>
        <line num="13" count="0" type="cond" truecount="0" falsecount="2"/>
        <line num="14" count="0" type="stmt"/>
        <line num="21" count="0" type="stmt"/>
        <line num="24" count="0" type="cond" truecount="0" falsecount="2"/>
        <line num="25" count="0" type="stmt"/>
        <line num="31" count="2" type="stmt"/>
      </file>
    </package>
  </project>
</coverage>
