{"/Users/victoriacampiotti/Desktop/Sprint3/SPRINT3_GRUPO2/server.js": {"path":"/Users/victoriacampiotti/Desktop/Sprint3/SPRINT3_GRUPO2/server.js","statementMap":{"0":{"start":{"line":1,"column":0},"end":{"line":1,"column":27}},"1":{"start":{"line":3,"column":22},"end":{"line":3,"column":50}},"2":{"start":{"line":4,"column":16},"end":{"line":4,"column":44}},"3":{"start":{"line":5,"column":16},"end":{"line":5,"column":34}},"4":{"start":{"line":6,"column":12},"end":{"line":6,"column":21}},"5":{"start":{"line":7,"column":18},"end":{"line":7,"column":47}},"6":{"start":{"line":8,"column":13},"end":{"line":8,"column":28}},"7":{"start":{"line":9,"column":13},"end":{"line":9,"column":29}},"8":{"start":{"line":11,"column":22},"end":{"line":11,"column":60}},"9":{"start":{"line":12,"column":20},"end":{"line":12,"column":55}},"10":{"start":{"line":13,"column":22},"end":{"line":13,"column":59}},"11":{"start":{"line":14,"column":19},"end":{"line":14,"column":54}},"12":{"start":{"line":16,"column":18},"end":{"line":16,"column":62}},"13":{"start":{"line":18,"column":21},"end":{"line":18,"column":61}},"14":{"start":{"line":21,"column":13},"end":{"line":21,"column":30}},"15":{"start":{"line":23,"column":22},"end":{"line":23,"column":42}},"16":{"start":{"line":24,"column":24},"end":{"line":24,"column":51}},"17":{"start":{"line":26,"column":0},"end":{"line":26,"column":24}},"18":{"start":{"line":27,"column":0},"end":{"line":27,"column":16}},"19":{"start":{"line":29,"column":0},"end":{"line":29,"column":74}},"20":{"start":{"line":31,"column":0},"end":{"line":31,"column":89}},"21":{"start":{"line":31,"column":34},"end":{"line":31,"column":87}},"22":{"start":{"line":33,"column":0},"end":{"line":37,"column":11}},"23":{"start":{"line":40,"column":0},"end":{"line":40,"column":41}},"24":{"start":{"line":41,"column":0},"end":{"line":41,"column":41}},"25":{"start":{"line":42,"column":0},"end":{"line":42,"column":36}},"26":{"start":{"line":43,"column":0},"end":{"line":43,"column":38}},"27":{"start":{"line":47,"column":15},"end":{"line":50,"column":2}},"28":{"start":{"line":48,"column":4},"end":{"line":48,"column":47}},"29":{"start":{"line":49,"column":4},"end":{"line":49,"column":36}},"30":{"start":{"line":53,"column":0},"end":{"line":53,"column":33}}},"fnMap":{"0":{"name":"(anonymous_0)","decl":{"start":{"line":31,"column":20},"end":{"line":31,"column":21}},"loc":{"start":{"line":31,"column":32},"end":{"line":31,"column":88}},"line":31},"1":{"name":"(anonymous_1)","decl":{"start":{"line":47,"column":32},"end":{"line":47,"column":33}},"loc":{"start":{"line":47,"column":37},"end":{"line":50,"column":1}},"line":47}},"branchMap":{},"s":{"0":2,"1":2,"2":2,"3":2,"4":2,"5":2,"6":2,"7":2,"8":2,"9":2,"10":2,"11":2,"12":2,"13":2,"14":2,"15":2,"16":2,"17":2,"18":2,"19":2,"20":2,"21":0,"22":2,"23":2,"24":2,"25":2,"26":2,"27":2,"28":2,"29":2,"30":2},"f":{"0":0,"1":2},"b":{},"_coverageSchema":"1a1c01bbd47fc00a2c39e90264f33305004495a9","hash":"2bdea5c87433864f4f870a1c4f8d62ef57452a70"}
,"/Users/victoriacampiotti/Desktop/Sprint3/SPRINT3_GRUPO2/api/controllers/cartsController.js": {"path":"/Users/victoriacampiotti/Desktop/Sprint3/SPRINT3_GRUPO2/api/controllers/cartsController.js","statementMap":{"0":{"start":{"line":1,"column":19},"end":{"line":1,"column":63}},"1":{"start":{"line":2,"column":22},"end":{"line":2,"column":54}},"2":{"start":{"line":4,"column":15},"end":{"line":4,"column":36}},"3":{"start":{"line":6,"column":23},"end":{"line":161,"column":1}},"4":{"start":{"line":8,"column":4},"end":{"line":36,"column":5}},"5":{"start":{"line":9,"column":21},"end":{"line":20,"column":7}},"6":{"start":{"line":22,"column":6},"end":{"line":27,"column":7}},"7":{"start":{"line":23,"column":8},"end":{"line":26,"column":11}},"8":{"start":{"line":29,"column":6},"end":{"line":29,"column":34}},"9":{"start":{"line":31,"column":8},"end":{"line":31,"column":27}},"10":{"start":{"line":32,"column":8},"end":{"line":35,"column":11}},"11":{"start":{"line":39,"column":20},"end":{"line":39,"column":22}},"12":{"start":{"line":40,"column":18},"end":{"line":40,"column":23}},"13":{"start":{"line":42,"column":4},"end":{"line":158,"column":5}},"14":{"start":{"line":44,"column":20},"end":{"line":48,"column":8}},"15":{"start":{"line":51,"column":6},"end":{"line":59,"column":7}},"16":{"start":{"line":52,"column":8},"end":{"line":55,"column":10}},"17":{"start":{"line":58,"column":8},"end":{"line":58,"column":39}},"18":{"start":{"line":62,"column":19},"end":{"line":66,"column":7}},"19":{"start":{"line":69,"column":26},"end":{"line":69,"column":28}},"20":{"start":{"line":70,"column":25},"end":{"line":70,"column":26}},"21":{"start":{"line":71,"column":6},"end":{"line":82,"column":7}},"22":{"start":{"line":72,"column":8},"end":{"line":81,"column":9}},"23":{"start":{"line":73,"column":10},"end":{"line":73,"column":87}},"24":{"start":{"line":74,"column":10},"end":{"line":74,"column":86}},"25":{"start":{"line":75,"column":10},"end":{"line":80,"column":15}},"26":{"start":{"line":85,"column":6},"end":{"line":92,"column":7}},"27":{"start":{"line":86,"column":8},"end":{"line":86,"column":71}},"28":{"start":{"line":88,"column":8},"end":{"line":91,"column":9}},"29":{"start":{"line":89,"column":10},"end":{"line":89,"column":30}},"30":{"start":{"line":90,"column":10},"end":{"line":90,"column":25}},"31":{"start":{"line":95,"column":8},"end":{"line":151,"column":9}},"32":{"start":{"line":97,"column":10},"end":{"line":105,"column":11}},"33":{"start":{"line":98,"column":12},"end":{"line":98,"column":89}},"34":{"start":{"line":99,"column":12},"end":{"line":104,"column":17}},"35":{"start":{"line":107,"column":10},"end":{"line":110,"column":12}},"36":{"start":{"line":113,"column":10},"end":{"line":117,"column":12}},"37":{"start":{"line":120,"column":10},"end":{"line":126,"column":11}},"38":{"start":{"line":121,"column":12},"end":{"line":125,"column":14}},"39":{"start":{"line":129,"column":33},"end":{"line":129,"column":35}},"40":{"start":{"line":130,"column":32},"end":{"line":130,"column":33}},"41":{"start":{"line":131,"column":10},"end":{"line":140,"column":11}},"42":{"start":{"line":132,"column":12},"end":{"line":132,"column":82}},"43":{"start":{"line":133,"column":12},"end":{"line":133,"column":83}},"44":{"start":{"line":134,"column":12},"end":{"line":139,"column":17}},"45":{"start":{"line":143,"column":29},"end":{"line":143,"column":31}},"46":{"start":{"line":144,"column":10},"end":{"line":149,"column":11}},"47":{"start":{"line":150,"column":10},"end":{"line":150,"column":44}},"48":{"start":{"line":153,"column":6},"end":{"line":153,"column":22}},"49":{"start":{"line":154,"column":6},"end":{"line":157,"column":9}},"50":{"start":{"line":163,"column":0},"end":{"line":163,"column":32}}},"fnMap":{"0":{"name":"(anonymous_0)","decl":{"start":{"line":7,"column":12},"end":{"line":7,"column":13}},"loc":{"start":{"line":7,"column":32},"end":{"line":37,"column":3}},"line":7},"1":{"name":"(anonymous_1)","decl":{"start":{"line":38,"column":14},"end":{"line":38,"column":15}},"loc":{"start":{"line":38,"column":34},"end":{"line":160,"column":3}},"line":38}},"branchMap":{"0":{"loc":{"start":{"line":22,"column":6},"end":{"line":27,"column":7}},"type":"if","locations":[{"start":{"line":22,"column":6},"end":{"line":27,"column":7}},{"start":{},"end":{}}],"line":22},"1":{"loc":{"start":{"line":51,"column":6},"end":{"line":59,"column":7}},"type":"if","locations":[{"start":{"line":51,"column":6},"end":{"line":59,"column":7}},{"start":{"line":56,"column":13},"end":{"line":59,"column":7}}],"line":51},"2":{"loc":{"start":{"line":71,"column":6},"end":{"line":82,"column":7}},"type":"if","locations":[{"start":{"line":71,"column":6},"end":{"line":82,"column":7}},{"start":{},"end":{}}],"line":71},"3":{"loc":{"start":{"line":88,"column":8},"end":{"line":91,"column":9}},"type":"if","locations":[{"start":{"line":88,"column":8},"end":{"line":91,"column":9}},{"start":{},"end":{}}],"line":88},"4":{"loc":{"start":{"line":95,"column":8},"end":{"line":151,"column":9}},"type":"if","locations":[{"start":{"line":95,"column":8},"end":{"line":151,"column":9}},{"start":{"line":111,"column":14},"end":{"line":151,"column":9}}],"line":95}},"s":{"0":2,"1":2,"2":2,"3":2,"4":0,"5":0,"6":0,"7":0,"8":0,"9":0,"10":0,"11":0,"12":0,"13":0,"14":0,"15":0,"16":0,"17":0,"18":0,"19":0,"20":0,"21":0,"22":0,"23":0,"24":0,"25":0,"26":0,"27":0,"28":0,"29":0,"30":0,"31":0,"32":0,"33":0,"34":0,"35":0,"36":0,"37":0,"38":0,"39":0,"40":0,"41":0,"42":0,"43":0,"44":0,"45":0,"46":0,"47":0,"48":0,"49":0,"50":2},"f":{"0":0,"1":0},"b":{"0":[0,0],"1":[0,0],"2":[0,0],"3":[0,0],"4":[0,0]},"_coverageSchema":"1a1c01bbd47fc00a2c39e90264f33305004495a9","hash":"a43938ccca3eed5a295684833b2d88d07e9d4ed4"}
,"/Users/victoriacampiotti/Desktop/Sprint3/SPRINT3_GRUPO2/api/controllers/picturesController.js": {"path":"/Users/victoriacampiotti/Desktop/Sprint3/SPRINT3_GRUPO2/api/controllers/picturesController.js","statementMap":{"0":{"start":{"line":1,"column":19},"end":{"line":1,"column":63}},"1":{"start":{"line":2,"column":22},"end":{"line":2,"column":54}},"2":{"start":{"line":3,"column":15},"end":{"line":3,"column":36}},"3":{"start":{"line":6,"column":30},"end":{"line":30,"column":1}},"4":{"start":{"line":7,"column":2},"end":{"line":29,"column":3}},"5":{"start":{"line":8,"column":17},"end":{"line":10,"column":6}},"6":{"start":{"line":12,"column":4},"end":{"line":22,"column":5}},"7":{"start":{"line":13,"column":8},"end":{"line":16,"column":11}},"8":{"start":{"line":18,"column":8},"end":{"line":21,"column":11}},"9":{"start":{"line":24,"column":4},"end":{"line":24,"column":23}},"10":{"start":{"line":25,"column":4},"end":{"line":28,"column":7}},"11":{"start":{"line":33,"column":23},"end":{"line":59,"column":1}},"12":{"start":{"line":34,"column":2},"end":{"line":58,"column":3}},"13":{"start":{"line":36,"column":19},"end":{"line":36,"column":32}},"14":{"start":{"line":38,"column":17},"end":{"line":38,"column":55}},"15":{"start":{"line":41,"column":4},"end":{"line":51,"column":5}},"16":{"start":{"line":42,"column":6},"end":{"line":45,"column":9}},"17":{"start":{"line":47,"column":6},"end":{"line":50,"column":9}},"18":{"start":{"line":53,"column":4},"end":{"line":53,"column":23}},"19":{"start":{"line":54,"column":4},"end":{"line":57,"column":7}},"20":{"start":{"line":63,"column":18},"end":{"line":99,"column":1}},"21":{"start":{"line":65,"column":2},"end":{"line":98,"column":3}},"22":{"start":{"line":68,"column":20},"end":{"line":68,"column":32}},"23":{"start":{"line":69,"column":28},"end":{"line":69,"column":48}},"24":{"start":{"line":70,"column":26},"end":{"line":70,"column":45}},"25":{"start":{"line":73,"column":4},"end":{"line":78,"column":5}},"26":{"start":{"line":74,"column":8},"end":{"line":77,"column":10}},"27":{"start":{"line":81,"column":4},"end":{"line":85,"column":7}},"28":{"start":{"line":87,"column":4},"end":{"line":90,"column":7}},"29":{"start":{"line":93,"column":4},"end":{"line":93,"column":23}},"30":{"start":{"line":94,"column":4},"end":{"line":97,"column":7}},"31":{"start":{"line":102,"column":18},"end":{"line":127,"column":1}},"32":{"start":{"line":103,"column":2},"end":{"line":125,"column":3}},"33":{"start":{"line":104,"column":23},"end":{"line":106,"column":35}},"34":{"start":{"line":107,"column":6},"end":{"line":118,"column":7}},"35":{"start":{"line":108,"column":8},"end":{"line":111,"column":16}},"36":{"start":{"line":113,"column":11},"end":{"line":118,"column":7}},"37":{"start":{"line":114,"column":8},"end":{"line":117,"column":10}},"38":{"start":{"line":120,"column":4},"end":{"line":120,"column":22}},"39":{"start":{"line":121,"column":4},"end":{"line":124,"column":6}},"40":{"start":{"line":130,"column":22},"end":{"line":150,"column":1}},"41":{"start":{"line":131,"column":2},"end":{"line":149,"column":3}},"42":{"start":{"line":133,"column":4},"end":{"line":135,"column":6}},"43":{"start":{"line":137,"column":4},"end":{"line":140,"column":7}},"44":{"start":{"line":144,"column":4},"end":{"line":144,"column":23}},"45":{"start":{"line":145,"column":4},"end":{"line":148,"column":7}},"46":{"start":{"line":153,"column":0},"end":{"line":159,"column":2}}},"fnMap":{"0":{"name":"(anonymous_0)","decl":{"start":{"line":6,"column":30},"end":{"line":6,"column":31}},"loc":{"start":{"line":6,"column":50},"end":{"line":30,"column":1}},"line":6},"1":{"name":"(anonymous_1)","decl":{"start":{"line":33,"column":23},"end":{"line":33,"column":24}},"loc":{"start":{"line":33,"column":42},"end":{"line":59,"column":1}},"line":33},"2":{"name":"(anonymous_2)","decl":{"start":{"line":63,"column":18},"end":{"line":63,"column":19}},"loc":{"start":{"line":63,"column":38},"end":{"line":99,"column":1}},"line":63},"3":{"name":"(anonymous_3)","decl":{"start":{"line":102,"column":18},"end":{"line":102,"column":19}},"loc":{"start":{"line":102,"column":38},"end":{"line":127,"column":1}},"line":102},"4":{"name":"(anonymous_4)","decl":{"start":{"line":130,"column":22},"end":{"line":130,"column":23}},"loc":{"start":{"line":130,"column":42},"end":{"line":150,"column":1}},"line":130}},"branchMap":{"0":{"loc":{"start":{"line":12,"column":4},"end":{"line":22,"column":5}},"type":"if","locations":[{"start":{"line":12,"column":4},"end":{"line":22,"column":5}},{"start":{"line":17,"column":9},"end":{"line":22,"column":5}}],"line":12},"1":{"loc":{"start":{"line":41,"column":4},"end":{"line":51,"column":5}},"type":"if","locations":[{"start":{"line":41,"column":4},"end":{"line":51,"column":5}},{"start":{"line":46,"column":11},"end":{"line":51,"column":5}}],"line":41},"2":{"loc":{"start":{"line":73,"column":4},"end":{"line":78,"column":5}},"type":"if","locations":[{"start":{"line":73,"column":4},"end":{"line":78,"column":5}},{"start":{},"end":{}}],"line":73},"3":{"loc":{"start":{"line":73,"column":7},"end":{"line":73,"column":33}},"type":"binary-expr","locations":[{"start":{"line":73,"column":7},"end":{"line":73,"column":15}},{"start":{"line":73,"column":19},"end":{"line":73,"column":33}}],"line":73},"4":{"loc":{"start":{"line":107,"column":6},"end":{"line":118,"column":7}},"type":"if","locations":[{"start":{"line":107,"column":6},"end":{"line":118,"column":7}},{"start":{"line":113,"column":11},"end":{"line":118,"column":7}}],"line":107},"5":{"loc":{"start":{"line":113,"column":11},"end":{"line":118,"column":7}},"type":"if","locations":[{"start":{"line":113,"column":11},"end":{"line":118,"column":7}},{"start":{},"end":{}}],"line":113}},"s":{"0":2,"1":2,"2":2,"3":2,"4":0,"5":0,"6":0,"7":0,"8":0,"9":0,"10":0,"11":2,"12":0,"13":0,"14":0,"15":0,"16":0,"17":0,"18":0,"19":0,"20":2,"21":0,"22":0,"23":0,"24":0,"25":0,"26":0,"27":0,"28":0,"29":0,"30":0,"31":2,"32":0,"33":0,"34":0,"35":0,"36":0,"37":0,"38":0,"39":0,"40":2,"41":0,"42":0,"43":0,"44":0,"45":0,"46":2},"f":{"0":0,"1":0,"2":0,"3":0,"4":0},"b":{"0":[0,0],"1":[0,0],"2":[0,0],"3":[0,0],"4":[0,0],"5":[0,0]},"_coverageSchema":"1a1c01bbd47fc00a2c39e90264f33305004495a9","hash":"fa9e69d54b320c8fa0abdc2769f9d195f2050c20"}
,"/Users/victoriacampiotti/Desktop/Sprint3/SPRINT3_GRUPO2/api/controllers/productsController.js": {"path":"/Users/victoriacampiotti/Desktop/Sprint3/SPRINT3_GRUPO2/api/controllers/productsController.js","statementMap":{"0":{"start":{"line":2,"column":15},"end":{"line":2,"column":35}},"1":{"start":{"line":3,"column":19},"end":{"line":3,"column":63}},"2":{"start":{"line":4,"column":33},"end":{"line":4,"column":65}},"3":{"start":{"line":5,"column":14},"end":{"line":5,"column":29}},"4":{"start":{"line":6,"column":23},"end":{"line":6,"column":43}},"5":{"start":{"line":9,"column":15},"end":{"line":9,"column":36}},"6":{"start":{"line":11,"column":26},"end":{"line":312,"column":1}},"7":{"start":{"line":18,"column":4},"end":{"line":35,"column":5}},"8":{"start":{"line":19,"column":28},"end":{"line":26,"column":8}},"9":{"start":{"line":28,"column":6},"end":{"line":28,"column":42}},"10":{"start":{"line":30,"column":6},"end":{"line":33,"column":9}},"11":{"start":{"line":34,"column":6},"end":{"line":34,"column":41}},"12":{"start":{"line":45,"column":4},"end":{"line":71,"column":5}},"13":{"start":{"line":46,"column":25},"end":{"line":56,"column":8}},"14":{"start":{"line":58,"column":6},"end":{"line":65,"column":7}},"15":{"start":{"line":59,"column":8},"end":{"line":62,"column":11}},"16":{"start":{"line":64,"column":8},"end":{"line":64,"column":41}},"17":{"start":{"line":67,"column":6},"end":{"line":70,"column":9}},"18":{"start":{"line":80,"column":4},"end":{"line":98,"column":5}},"19":{"start":{"line":81,"column":6},"end":{"line":88,"column":9}},"20":{"start":{"line":89,"column":23},"end":{"line":89,"column":86}},"21":{"start":{"line":90,"column":6},"end":{"line":92,"column":9}},"22":{"start":{"line":94,"column":6},"end":{"line":97,"column":9}},"23":{"start":{"line":106,"column":4},"end":{"line":131,"column":5}},"24":{"start":{"line":107,"column":6},"end":{"line":121,"column":8}},"25":{"start":{"line":122,"column":23},"end":{"line":122,"column":68}},"26":{"start":{"line":123,"column":6},"end":{"line":125,"column":9}},"27":{"start":{"line":127,"column":5},"end":{"line":130,"column":7}},"28":{"start":{"line":137,"column":4},"end":{"line":152,"column":5}},"29":{"start":{"line":138,"column":26},"end":{"line":142,"column":8}},"30":{"start":{"line":144,"column":6},"end":{"line":144,"column":38}},"31":{"start":{"line":147,"column":6},"end":{"line":147,"column":23}},"32":{"start":{"line":148,"column":6},"end":{"line":151,"column":9}},"33":{"start":{"line":159,"column":21},"end":{"line":159,"column":34}},"34":{"start":{"line":161,"column":4},"end":{"line":193,"column":5}},"35":{"start":{"line":163,"column":27},"end":{"line":174,"column":7}},"36":{"start":{"line":176,"column":8},"end":{"line":184,"column":9}},"37":{"start":{"line":178,"column":12},"end":{"line":181,"column":10}},"38":{"start":{"line":183,"column":10},"end":{"line":183,"column":44}},"39":{"start":{"line":188,"column":6},"end":{"line":188,"column":25}},"40":{"start":{"line":189,"column":6},"end":{"line":192,"column":9}},"41":{"start":{"line":199,"column":24},"end":{"line":199,"column":42}},"42":{"start":{"line":202,"column":4},"end":{"line":232,"column":5}},"43":{"start":{"line":203,"column":22},"end":{"line":215,"column":8}},"44":{"start":{"line":216,"column":6},"end":{"line":223,"column":7}},"45":{"start":{"line":217,"column":8},"end":{"line":220,"column":10}},"46":{"start":{"line":222,"column":8},"end":{"line":222,"column":37}},"47":{"start":{"line":227,"column":6},"end":{"line":227,"column":23}},"48":{"start":{"line":228,"column":6},"end":{"line":231,"column":9}},"49":{"start":{"line":236,"column":4},"end":{"line":240,"column":5}},"50":{"start":{"line":237,"column":6},"end":{"line":237,"column":47}},"51":{"start":{"line":239,"column":6},"end":{"line":239,"column":45}},"52":{"start":{"line":246,"column":4},"end":{"line":272,"column":5}},"53":{"start":{"line":247,"column":19},"end":{"line":247,"column":30}},"54":{"start":{"line":248,"column":6},"end":{"line":248,"column":33}},"55":{"start":{"line":249,"column":26},"end":{"line":258,"column":5}},"56":{"start":{"line":260,"column":29},"end":{"line":262,"column":8}},"57":{"start":{"line":264,"column":4},"end":{"line":268,"column":8}},"58":{"start":{"line":265,"column":7},"end":{"line":265,"column":79}},"59":{"start":{"line":267,"column":8},"end":{"line":267,"column":46}},"60":{"start":{"line":270,"column":6},"end":{"line":270,"column":24}},"61":{"start":{"line":271,"column":6},"end":{"line":271,"column":81}},"62":{"start":{"line":278,"column":19},"end":{"line":278,"column":29}},"63":{"start":{"line":280,"column":4},"end":{"line":310,"column":5}},"64":{"start":{"line":281,"column":40},"end":{"line":281,"column":74}},"65":{"start":{"line":283,"column":6},"end":{"line":301,"column":7}},"66":{"start":{"line":284,"column":8},"end":{"line":286,"column":10}},"67":{"start":{"line":287,"column":8},"end":{"line":289,"column":10}},"68":{"start":{"line":290,"column":8},"end":{"line":290,"column":49}},"69":{"start":{"line":291,"column":8},"end":{"line":294,"column":10}},"70":{"start":{"line":297,"column":8},"end":{"line":300,"column":10}},"71":{"start":{"line":305,"column":6},"end":{"line":305,"column":25}},"72":{"start":{"line":306,"column":6},"end":{"line":309,"column":9}},"73":{"start":{"line":314,"column":0},"end":{"line":314,"column":35}}},"fnMap":{"0":{"name":"(anonymous_0)","decl":{"start":{"line":16,"column":14},"end":{"line":16,"column":15}},"loc":{"start":{"line":16,"column":40},"end":{"line":36,"column":3}},"line":16},"1":{"name":"(anonymous_1)","decl":{"start":{"line":42,"column":14},"end":{"line":42,"column":15}},"loc":{"start":{"line":42,"column":40},"end":{"line":72,"column":3}},"line":42},"2":{"name":"(anonymous_2)","decl":{"start":{"line":77,"column":16},"end":{"line":77,"column":17}},"loc":{"start":{"line":77,"column":42},"end":{"line":99,"column":3}},"line":77},"3":{"name":"(anonymous_3)","decl":{"start":{"line":103,"column":15},"end":{"line":103,"column":16}},"loc":{"start":{"line":103,"column":41},"end":{"line":132,"column":3}},"line":103},"4":{"name":"(anonymous_4)","decl":{"start":{"line":136,"column":14},"end":{"line":136,"column":15}},"loc":{"start":{"line":136,"column":40},"end":{"line":153,"column":3}},"line":136},"5":{"name":"(anonymous_5)","decl":{"start":{"line":158,"column":21},"end":{"line":158,"column":22}},"loc":{"start":{"line":158,"column":41},"end":{"line":194,"column":3}},"line":158},"6":{"name":"(anonymous_6)","decl":{"start":{"line":198,"column":17},"end":{"line":198,"column":18}},"loc":{"start":{"line":198,"column":37},"end":{"line":233,"column":3}},"line":198},"7":{"name":"(anonymous_7)","decl":{"start":{"line":235,"column":16},"end":{"line":235,"column":17}},"loc":{"start":{"line":235,"column":30},"end":{"line":241,"column":3}},"line":235},"8":{"name":"(anonymous_8)","decl":{"start":{"line":245,"column":17},"end":{"line":245,"column":18}},"loc":{"start":{"line":245,"column":37},"end":{"line":273,"column":3}},"line":245},"9":{"name":"(anonymous_9)","decl":{"start":{"line":277,"column":17},"end":{"line":277,"column":18}},"loc":{"start":{"line":277,"column":37},"end":{"line":311,"column":3}},"line":277}},"branchMap":{"0":{"loc":{"start":{"line":58,"column":6},"end":{"line":65,"column":7}},"type":"if","locations":[{"start":{"line":58,"column":6},"end":{"line":65,"column":7}},{"start":{"line":63,"column":13},"end":{"line":65,"column":7}}],"line":58},"1":{"loc":{"start":{"line":176,"column":8},"end":{"line":184,"column":9}},"type":"if","locations":[{"start":{"line":176,"column":8},"end":{"line":184,"column":9}},{"start":{"line":182,"column":15},"end":{"line":184,"column":9}}],"line":176},"2":{"loc":{"start":{"line":216,"column":6},"end":{"line":223,"column":7}},"type":"if","locations":[{"start":{"line":216,"column":6},"end":{"line":223,"column":7}},{"start":{"line":221,"column":13},"end":{"line":223,"column":7}}],"line":216},"3":{"loc":{"start":{"line":236,"column":4},"end":{"line":240,"column":5}},"type":"if","locations":[{"start":{"line":236,"column":4},"end":{"line":240,"column":5}},{"start":{"line":238,"column":11},"end":{"line":240,"column":5}}],"line":236},"4":{"loc":{"start":{"line":264,"column":4},"end":{"line":268,"column":8}},"type":"if","locations":[{"start":{"line":264,"column":4},"end":{"line":268,"column":8}},{"start":{"line":266,"column":14},"end":{"line":268,"column":8}}],"line":264},"5":{"loc":{"start":{"line":283,"column":6},"end":{"line":301,"column":7}},"type":"if","locations":[{"start":{"line":283,"column":6},"end":{"line":301,"column":7}},{"start":{"line":295,"column":13},"end":{"line":301,"column":7}}],"line":283}},"s":{"0":2,"1":2,"2":2,"3":2,"4":2,"5":2,"6":2,"7":0,"8":0,"9":0,"10":0,"11":0,"12":0,"13":0,"14":0,"15":0,"16":0,"17":0,"18":0,"19":0,"20":0,"21":0,"22":0,"23":0,"24":0,"25":0,"26":0,"27":0,"28":1,"29":1,"30":1,"31":0,"32":0,"33":0,"34":0,"35":0,"36":0,"37":0,"38":0,"39":0,"40":0,"41":2,"42":2,"43":2,"44":2,"45":1,"46":1,"47":0,"48":0,"49":2,"50":2,"51":0,"52":0,"53":0,"54":0,"55":0,"56":0,"57":0,"58":0,"59":0,"60":0,"61":0,"62":0,"63":0,"64":0,"65":0,"66":0,"67":0,"68":0,"69":0,"70":0,"71":0,"72":0,"73":2},"f":{"0":0,"1":0,"2":0,"3":0,"4":1,"5":0,"6":2,"7":2,"8":0,"9":0},"b":{"0":[0,0],"1":[0,0],"2":[1,1],"3":[2,0],"4":[0,0],"5":[0,0]},"_coverageSchema":"1a1c01bbd47fc00a2c39e90264f33305004495a9","hash":"5d8165f6cda9f38b89a0680e018a2a3b2d95682d"}
,"/Users/victoriacampiotti/Desktop/Sprint3/SPRINT3_GRUPO2/api/controllers/usersController.js": {"path":"/Users/victoriacampiotti/Desktop/Sprint3/SPRINT3_GRUPO2/api/controllers/usersController.js","statementMap":{"0":{"start":{"line":2,"column":24},"end":{"line":2,"column":60}},"1":{"start":{"line":3,"column":19},"end":{"line":3,"column":63}},"2":{"start":{"line":4,"column":22},"end":{"line":4,"column":54}},"3":{"start":{"line":5,"column":14},"end":{"line":5,"column":52}},"4":{"start":{"line":6,"column":14},"end":{"line":6,"column":52}},"5":{"start":{"line":7,"column":10},"end":{"line":7,"column":28}},"6":{"start":{"line":8,"column":15},"end":{"line":8,"column":36}},"7":{"start":{"line":12,"column":17},"end":{"line":46,"column":1}},"8":{"start":{"line":13,"column":2},"end":{"line":45,"column":3}},"9":{"start":{"line":14,"column":18},"end":{"line":35,"column":6}},"10":{"start":{"line":37,"column":4},"end":{"line":37,"column":32}},"11":{"start":{"line":39,"column":4},"end":{"line":39,"column":23}},"12":{"start":{"line":40,"column":4},"end":{"line":42,"column":46}},"13":{"start":{"line":43,"column":23},"end":{"line":43,"column":40}},"14":{"start":{"line":44,"column":4},"end":{"line":44,"column":25}},"15":{"start":{"line":55,"column":20},"end":{"line":91,"column":1}},"16":{"start":{"line":56,"column":2},"end":{"line":90,"column":3}},"17":{"start":{"line":57,"column":17},"end":{"line":79,"column":6}},"18":{"start":{"line":81,"column":4},"end":{"line":86,"column":5}},"19":{"start":{"line":82,"column":6},"end":{"line":82,"column":72}},"20":{"start":{"line":85,"column":6},"end":{"line":85,"column":33}},"21":{"start":{"line":88,"column":4},"end":{"line":88,"column":23}},"22":{"start":{"line":89,"column":4},"end":{"line":89,"column":76}},"23":{"start":{"line":97,"column":19},"end":{"line":128,"column":1}},"24":{"start":{"line":99,"column":2},"end":{"line":112,"column":3}},"25":{"start":{"line":100,"column":6},"end":{"line":100,"column":49}},"26":{"start":{"line":101,"column":6},"end":{"line":105,"column":8}},"27":{"start":{"line":108,"column":4},"end":{"line":111,"column":12}},"28":{"start":{"line":113,"column":2},"end":{"line":127,"column":3}},"29":{"start":{"line":114,"column":4},"end":{"line":115,"column":26}},"30":{"start":{"line":117,"column":6},"end":{"line":119,"column":8}},"31":{"start":{"line":123,"column":4},"end":{"line":126,"column":7}},"32":{"start":{"line":137,"column":19},"end":{"line":163,"column":1}},"33":{"start":{"line":138,"column":2},"end":{"line":162,"column":3}},"34":{"start":{"line":139,"column":17},"end":{"line":143,"column":6}},"35":{"start":{"line":144,"column":4},"end":{"line":158,"column":5}},"36":{"start":{"line":145,"column":6},"end":{"line":145,"column":72}},"37":{"start":{"line":147,"column":26},"end":{"line":149,"column":8}},"38":{"start":{"line":150,"column":26},"end":{"line":152,"column":8}},"39":{"start":{"line":154,"column":6},"end":{"line":157,"column":8}},"40":{"start":{"line":155,"column":8},"end":{"line":157,"column":7}},"41":{"start":{"line":160,"column":4},"end":{"line":160,"column":23}},"42":{"start":{"line":161,"column":4},"end":{"line":161,"column":79}},"43":{"start":{"line":173,"column":23},"end":{"line":219,"column":1}},"44":{"start":{"line":174,"column":2},"end":{"line":218,"column":3}},"45":{"start":{"line":175,"column":17},"end":{"line":195,"column":6}},"46":{"start":{"line":196,"column":4},"end":{"line":213,"column":5}},"47":{"start":{"line":197,"column":6},"end":{"line":197,"column":72}},"48":{"start":{"line":201,"column":6},"end":{"line":212,"column":7}},"49":{"start":{"line":202,"column":8},"end":{"line":204,"column":11}},"50":{"start":{"line":205,"column":8},"end":{"line":205,"column":29}},"51":{"start":{"line":206,"column":8},"end":{"line":206,"column":73}},"52":{"start":{"line":208,"column":8},"end":{"line":211,"column":11}},"53":{"start":{"line":215,"column":4},"end":{"line":215,"column":23}},"54":{"start":{"line":217,"column":4},"end":{"line":217,"column":77}},"55":{"start":{"line":222,"column":14},"end":{"line":262,"column":1}},"56":{"start":{"line":224,"column":31},"end":{"line":224,"column":39}},"57":{"start":{"line":226,"column":2},"end":{"line":261,"column":3}},"58":{"start":{"line":227,"column":25},"end":{"line":229,"column":8}},"59":{"start":{"line":232,"column":6},"end":{"line":237,"column":7}},"60":{"start":{"line":233,"column":8},"end":{"line":236,"column":10}},"61":{"start":{"line":239,"column":22},"end":{"line":242,"column":8}},"62":{"start":{"line":244,"column":20},"end":{"line":244,"column":46}},"63":{"start":{"line":246,"column":6},"end":{"line":251,"column":8}},"64":{"start":{"line":255,"column":6},"end":{"line":255,"column":24}},"65":{"start":{"line":256,"column":6},"end":{"line":259,"column":8}},"66":{"start":{"line":265,"column":0},"end":{"line":272,"column":2}}},"fnMap":{"0":{"name":"(anonymous_0)","decl":{"start":{"line":12,"column":17},"end":{"line":12,"column":18}},"loc":{"start":{"line":12,"column":37},"end":{"line":46,"column":1}},"line":12},"1":{"name":"(anonymous_1)","decl":{"start":{"line":55,"column":20},"end":{"line":55,"column":21}},"loc":{"start":{"line":55,"column":40},"end":{"line":91,"column":1}},"line":55},"2":{"name":"(anonymous_2)","decl":{"start":{"line":97,"column":19},"end":{"line":97,"column":20}},"loc":{"start":{"line":97,"column":39},"end":{"line":128,"column":1}},"line":97},"3":{"name":"(anonymous_3)","decl":{"start":{"line":137,"column":19},"end":{"line":137,"column":20}},"loc":{"start":{"line":137,"column":39},"end":{"line":163,"column":1}},"line":137},"4":{"name":"(anonymous_4)","decl":{"start":{"line":173,"column":23},"end":{"line":173,"column":24}},"loc":{"start":{"line":173,"column":43},"end":{"line":219,"column":1}},"line":173},"5":{"name":"(anonymous_5)","decl":{"start":{"line":222,"column":14},"end":{"line":222,"column":15}},"loc":{"start":{"line":222,"column":32},"end":{"line":262,"column":1}},"line":222}},"branchMap":{"0":{"loc":{"start":{"line":81,"column":4},"end":{"line":86,"column":5}},"type":"if","locations":[{"start":{"line":81,"column":4},"end":{"line":86,"column":5}},{"start":{"line":84,"column":8},"end":{"line":86,"column":5}}],"line":81},"1":{"loc":{"start":{"line":144,"column":4},"end":{"line":158,"column":5}},"type":"if","locations":[{"start":{"line":144,"column":4},"end":{"line":158,"column":5}},{"start":{"line":146,"column":9},"end":{"line":158,"column":5}}],"line":144},"2":{"loc":{"start":{"line":154,"column":6},"end":{"line":157,"column":8}},"type":"if","locations":[{"start":{"line":154,"column":6},"end":{"line":157,"column":8}},{"start":{},"end":{}}],"line":154},"3":{"loc":{"start":{"line":196,"column":4},"end":{"line":213,"column":5}},"type":"if","locations":[{"start":{"line":196,"column":4},"end":{"line":213,"column":5}},{"start":{"line":199,"column":8},"end":{"line":213,"column":5}}],"line":196},"4":{"loc":{"start":{"line":201,"column":6},"end":{"line":212,"column":7}},"type":"if","locations":[{"start":{"line":201,"column":6},"end":{"line":212,"column":7}},{"start":{"line":207,"column":13},"end":{"line":212,"column":7}}],"line":201},"5":{"loc":{"start":{"line":232,"column":6},"end":{"line":237,"column":7}},"type":"if","locations":[{"start":{"line":232,"column":6},"end":{"line":237,"column":7}},{"start":{},"end":{}}],"line":232}},"s":{"0":2,"1":2,"2":2,"3":2,"4":2,"5":2,"6":2,"7":2,"8":0,"9":0,"10":0,"11":0,"12":0,"13":0,"14":0,"15":2,"16":0,"17":0,"18":0,"19":0,"20":0,"21":0,"22":0,"23":2,"24":0,"25":0,"26":0,"27":0,"28":0,"29":0,"30":0,"31":0,"32":2,"33":2,"34":2,"35":2,"36":1,"37":1,"38":1,"39":1,"40":1,"41":0,"42":0,"43":2,"44":3,"45":3,"46":3,"47":1,"48":2,"49":1,"50":1,"51":1,"52":1,"53":0,"54":0,"55":2,"56":0,"57":0,"58":0,"59":0,"60":0,"61":0,"62":0,"63":0,"64":0,"65":0,"66":2},"f":{"0":0,"1":0,"2":0,"3":2,"4":3,"5":0},"b":{"0":[0,0],"1":[1,1],"2":[1,0],"3":[1,2],"4":[1,1],"5":[0,0]},"_coverageSchema":"1a1c01bbd47fc00a2c39e90264f33305004495a9","hash":"bfd5ab51e9123ff5c8451fe1bd7b0dbb3c58dd5b"}
,"/Users/victoriacampiotti/Desktop/Sprint3/SPRINT3_GRUPO2/api/middlewares/handleErros.js": {"path":"/Users/victoriacampiotti/Desktop/Sprint3/SPRINT3_GRUPO2/api/middlewares/handleErros.js","statementMap":{"0":{"start":{"line":1,"column":29},"end":{"line":1,"column":57}},"1":{"start":{"line":3,"column":21},"end":{"line":13,"column":1}},"2":{"start":{"line":5,"column":19},"end":{"line":5,"column":40}},"3":{"start":{"line":7,"column":4},"end":{"line":11,"column":5}},"4":{"start":{"line":8,"column":8},"end":{"line":10,"column":16}},"5":{"start":{"line":12,"column":4},"end":{"line":12,"column":10}},"6":{"start":{"line":15,"column":0},"end":{"line":15,"column":30}}},"fnMap":{"0":{"name":"(anonymous_0)","decl":{"start":{"line":3,"column":21},"end":{"line":3,"column":22}},"loc":{"start":{"line":3,"column":41},"end":{"line":13,"column":1}},"line":3}},"branchMap":{"0":{"loc":{"start":{"line":7,"column":4},"end":{"line":11,"column":5}},"type":"if","locations":[{"start":{"line":7,"column":4},"end":{"line":11,"column":5}},{"start":{},"end":{}}],"line":7}},"s":{"0":2,"1":2,"2":3,"3":3,"4":1,"5":2,"6":2},"f":{"0":3},"b":{"0":[1,2]},"_coverageSchema":"1a1c01bbd47fc00a2c39e90264f33305004495a9","hash":"986654a52cca0326bc67f79623acbd868a1a5763"}
,"/Users/victoriacampiotti/Desktop/Sprint3/SPRINT3_GRUPO2/api/middlewares/verifyJWT.js": {"path":"/Users/victoriacampiotti/Desktop/Sprint3/SPRINT3_GRUPO2/api/middlewares/verifyJWT.js","statementMap":{"0":{"start":{"line":1,"column":13},"end":{"line":1,"column":36}},"1":{"start":{"line":3,"column":21},"end":{"line":3,"column":58}},"2":{"start":{"line":7,"column":18},"end":{"line":22,"column":1}},"3":{"start":{"line":9,"column":18},"end":{"line":9,"column":35}},"4":{"start":{"line":10,"column":4},"end":{"line":21,"column":5}},"5":{"start":{"line":12,"column":8},"end":{"line":12,"column":66}},"6":{"start":{"line":13,"column":8},"end":{"line":13,"column":15}},"7":{"start":{"line":17,"column":8},"end":{"line":20,"column":10}},"8":{"start":{"line":25,"column":0},"end":{"line":25,"column":26}}},"fnMap":{"0":{"name":"(anonymous_0)","decl":{"start":{"line":7,"column":18},"end":{"line":7,"column":19}},"loc":{"start":{"line":7,"column":37},"end":{"line":22,"column":1}},"line":7}},"branchMap":{},"s":{"0":2,"1":2,"2":2,"3":11,"4":11,"5":11,"6":9,"7":2,"8":2},"f":{"0":11},"b":{},"_coverageSchema":"1a1c01bbd47fc00a2c39e90264f33305004495a9","hash":"20f3bc3c17abae04272f50383f303cf1ca199729"}
,"/Users/victoriacampiotti/Desktop/Sprint3/SPRINT3_GRUPO2/api/middlewares/verifyRoles.js": {"path":"/Users/victoriacampiotti/Desktop/Sprint3/SPRINT3_GRUPO2/api/middlewares/verifyRoles.js","statementMap":{"0":{"start":{"line":2,"column":19},"end":{"line":2,"column":63}},"1":{"start":{"line":3,"column":22},"end":{"line":3,"column":54}},"2":{"start":{"line":5,"column":15},"end":{"line":5,"column":36}},"3":{"start":{"line":11,"column":24},"end":{"line":76,"column":5}},"4":{"start":{"line":11,"column":35},"end":{"line":76,"column":5}},"5":{"start":{"line":13,"column":20},"end":{"line":13,"column":43}},"6":{"start":{"line":15,"column":4},"end":{"line":74,"column":13}},"7":{"start":{"line":16,"column":8},"end":{"line":67,"column":13}},"8":{"start":{"line":19,"column":16},"end":{"line":19,"column":23}},"9":{"start":{"line":20,"column":12},"end":{"line":20,"column":17}},"10":{"start":{"line":23,"column":16},"end":{"line":39,"column":17}},"11":{"start":{"line":23,"column":51},"end":{"line":23,"column":57}},"12":{"start":{"line":24,"column":21},"end":{"line":39,"column":17}},"13":{"start":{"line":26,"column":20},"end":{"line":32,"column":21}},"14":{"start":{"line":26,"column":41},"end":{"line":26,"column":47}},"15":{"start":{"line":28,"column":24},"end":{"line":31,"column":27}},"16":{"start":{"line":35,"column":20},"end":{"line":38,"column":23}},"17":{"start":{"line":40,"column":12},"end":{"line":40,"column":17}},"18":{"start":{"line":43,"column":16},"end":{"line":58,"column":17}},"19":{"start":{"line":43,"column":51},"end":{"line":43,"column":57}},"20":{"start":{"line":44,"column":21},"end":{"line":58,"column":17}},"21":{"start":{"line":45,"column":20},"end":{"line":51,"column":21}},"22":{"start":{"line":45,"column":41},"end":{"line":45,"column":47}},"23":{"start":{"line":47,"column":24},"end":{"line":50,"column":27}},"24":{"start":{"line":54,"column":20},"end":{"line":57,"column":27}},"25":{"start":{"line":59,"column":12},"end":{"line":59,"column":18}},"26":{"start":{"line":62,"column":16},"end":{"line":65,"column":19}},"27":{"start":{"line":66,"column":12},"end":{"line":66,"column":17}},"28":{"start":{"line":70,"column":12},"end":{"line":73,"column":19}},"29":{"start":{"line":81,"column":19},"end":{"line":86,"column":1}},"30":{"start":{"line":82,"column":4},"end":{"line":85,"column":21}},"31":{"start":{"line":83,"column":8},"end":{"line":83,"column":19}},"32":{"start":{"line":85,"column":9},"end":{"line":85,"column":21}},"33":{"start":{"line":88,"column":16},"end":{"line":121,"column":1}},"34":{"start":{"line":90,"column":4},"end":{"line":119,"column":5}},"35":{"start":{"line":92,"column":24},"end":{"line":92,"column":35}},"36":{"start":{"line":93,"column":27},"end":{"line":93,"column":63}},"37":{"start":{"line":95,"column":10},"end":{"line":102,"column":11}},"38":{"start":{"line":96,"column":12},"end":{"line":101,"column":17}},"39":{"start":{"line":104,"column":10},"end":{"line":104,"column":37}},"40":{"start":{"line":105,"column":10},"end":{"line":110,"column":11}},"41":{"start":{"line":112,"column":8},"end":{"line":112,"column":24}},"42":{"start":{"line":113,"column":8},"end":{"line":117,"column":9}},"43":{"start":{"line":120,"column":4},"end":{"line":120,"column":17}},"44":{"start":{"line":123,"column":0},"end":{"line":123,"column":33}}},"fnMap":{"0":{"name":"(anonymous_0)","decl":{"start":{"line":11,"column":24},"end":{"line":11,"column":25}},"loc":{"start":{"line":11,"column":35},"end":{"line":76,"column":5}},"line":11},"1":{"name":"(anonymous_1)","decl":{"start":{"line":11,"column":35},"end":{"line":11,"column":36}},"loc":{"start":{"line":11,"column":61},"end":{"line":76,"column":5}},"line":11},"2":{"name":"(anonymous_2)","decl":{"start":{"line":81,"column":19},"end":{"line":81,"column":20}},"loc":{"start":{"line":81,"column":26},"end":{"line":86,"column":1}},"line":81},"3":{"name":"(anonymous_3)","decl":{"start":{"line":88,"column":16},"end":{"line":88,"column":17}},"loc":{"start":{"line":88,"column":36},"end":{"line":121,"column":1}},"line":88}},"branchMap":{"0":{"loc":{"start":{"line":15,"column":4},"end":{"line":74,"column":13}},"type":"if","locations":[{"start":{"line":15,"column":4},"end":{"line":74,"column":13}},{"start":{"line":69,"column":12},"end":{"line":74,"column":13}}],"line":15},"1":{"loc":{"start":{"line":16,"column":8},"end":{"line":67,"column":13}},"type":"switch","locations":[{"start":{"line":18,"column":12},"end":{"line":20,"column":17}},{"start":{"line":22,"column":12},"end":{"line":40,"column":17}},{"start":{"line":42,"column":12},"end":{"line":59,"column":18}},{"start":{"line":61,"column":12},"end":{"line":66,"column":17}}],"line":16},"2":{"loc":{"start":{"line":23,"column":16},"end":{"line":39,"column":17}},"type":"if","locations":[{"start":{"line":23,"column":16},"end":{"line":39,"column":17}},{"start":{"line":24,"column":21},"end":{"line":39,"column":17}}],"line":23},"3":{"loc":{"start":{"line":24,"column":21},"end":{"line":39,"column":17}},"type":"if","locations":[{"start":{"line":24,"column":21},"end":{"line":39,"column":17}},{"start":{"line":34,"column":20},"end":{"line":39,"column":17}}],"line":24},"4":{"loc":{"start":{"line":26,"column":20},"end":{"line":32,"column":21}},"type":"if","locations":[{"start":{"line":26,"column":20},"end":{"line":32,"column":21}},{"start":{"line":27,"column":24},"end":{"line":32,"column":21}}],"line":26},"5":{"loc":{"start":{"line":43,"column":16},"end":{"line":58,"column":17}},"type":"if","locations":[{"start":{"line":43,"column":16},"end":{"line":58,"column":17}},{"start":{"line":44,"column":21},"end":{"line":58,"column":17}}],"line":43},"6":{"loc":{"start":{"line":44,"column":21},"end":{"line":58,"column":17}},"type":"if","locations":[{"start":{"line":44,"column":21},"end":{"line":58,"column":17}},{"start":{"line":53,"column":20},"end":{"line":58,"column":17}}],"line":44},"7":{"loc":{"start":{"line":45,"column":20},"end":{"line":51,"column":21}},"type":"if","locations":[{"start":{"line":45,"column":20},"end":{"line":51,"column":21}},{"start":{"line":46,"column":24},"end":{"line":51,"column":21}}],"line":45},"8":{"loc":{"start":{"line":82,"column":4},"end":{"line":85,"column":21}},"type":"if","locations":[{"start":{"line":82,"column":4},"end":{"line":85,"column":21}},{"start":{"line":85,"column":9},"end":{"line":85,"column":21}}],"line":82},"9":{"loc":{"start":{"line":95,"column":10},"end":{"line":102,"column":11}},"type":"if","locations":[{"start":{"line":95,"column":10},"end":{"line":102,"column":11}},{"start":{},"end":{}}],"line":95}},"s":{"0":2,"1":2,"2":2,"3":2,"4":28,"5":6,"6":6,"7":6,"8":6,"9":6,"10":0,"11":0,"12":0,"13":0,"14":0,"15":0,"16":0,"17":0,"18":0,"19":0,"20":0,"21":0,"22":0,"23":0,"24":0,"25":0,"26":0,"27":0,"28":0,"29":2,"30":0,"31":0,"32":0,"33":2,"34":6,"35":6,"36":6,"37":6,"38":0,"39":6,"40":6,"41":0,"42":0,"43":6,"44":2},"f":{"0":28,"1":6,"2":0,"3":6},"b":{"0":[6,0],"1":[6,0,0,0],"2":[0,0],"3":[0,0],"4":[0,0],"5":[0,0],"6":[0,0],"7":[0,0],"8":[0,0],"9":[0,6]},"_coverageSchema":"1a1c01bbd47fc00a2c39e90264f33305004495a9","hash":"41d92e6315e867bd9931bcf8d98385580dd7df7e"}
,"/Users/victoriacampiotti/Desktop/Sprint3/SPRINT3_GRUPO2/api/routes/cartsRoutes.js": {"path":"/Users/victoriacampiotti/Desktop/Sprint3/SPRINT3_GRUPO2/api/routes/cartsRoutes.js","statementMap":{"0":{"start":{"line":1,"column":16},"end":{"line":1,"column":34}},"1":{"start":{"line":2,"column":15},"end":{"line":2,"column":31}},"2":{"start":{"line":3,"column":24},"end":{"line":3,"column":65}},"3":{"start":{"line":4,"column":18},"end":{"line":4,"column":53}},"4":{"start":{"line":5,"column":24},"end":{"line":5,"column":61}},"5":{"start":{"line":7,"column":0},"end":{"line":7,"column":104}},"6":{"start":{"line":9,"column":0},"end":{"line":9,"column":106}},"7":{"start":{"line":11,"column":0},"end":{"line":11,"column":24}}},"fnMap":{},"branchMap":{},"s":{"0":2,"1":2,"2":2,"3":2,"4":2,"5":2,"6":2,"7":2},"f":{},"b":{},"_coverageSchema":"1a1c01bbd47fc00a2c39e90264f33305004495a9","hash":"7772f006124f06538246801716ba53a43270a44b"}
,"/Users/victoriacampiotti/Desktop/Sprint3/SPRINT3_GRUPO2/api/routes/pictureRoutes.js": {"path":"/Users/victoriacampiotti/Desktop/Sprint3/SPRINT3_GRUPO2/api/routes/pictureRoutes.js","statementMap":{"0":{"start":{"line":1,"column":16},"end":{"line":1,"column":34}},"1":{"start":{"line":2,"column":16},"end":{"line":2,"column":44}},"2":{"start":{"line":3,"column":15},"end":{"line":3,"column":31}},"3":{"start":{"line":4,"column":85},"end":{"line":4,"column":129}},"4":{"start":{"line":5,"column":21},"end":{"line":5,"column":58}},"5":{"start":{"line":6,"column":18},"end":{"line":6,"column":53}},"6":{"start":{"line":7,"column":24},"end":{"line":7,"column":61}},"7":{"start":{"line":19,"column":0},"end":{"line":19,"column":49}},"8":{"start":{"line":21,"column":0},"end":{"line":21,"column":46}},"9":{"start":{"line":23,"column":0},"end":{"line":28,"column":19}},"10":{"start":{"line":30,"column":0},"end":{"line":35,"column":19}},"11":{"start":{"line":37,"column":0},"end":{"line":37,"column":73}},"12":{"start":{"line":39,"column":0},"end":{"line":39,"column":24}}},"fnMap":{},"branchMap":{},"s":{"0":2,"1":2,"2":2,"3":2,"4":2,"5":2,"6":2,"7":2,"8":2,"9":2,"10":2,"11":2,"12":2},"f":{},"b":{},"_coverageSchema":"1a1c01bbd47fc00a2c39e90264f33305004495a9","hash":"3d2b1ed96f86d12cb1ff259b4d8be2818382be03"}
,"/Users/victoriacampiotti/Desktop/Sprint3/SPRINT3_GRUPO2/api/routes/productsRoutes.js": {"path":"/Users/victoriacampiotti/Desktop/Sprint3/SPRINT3_GRUPO2/api/routes/productsRoutes.js","statementMap":{"0":{"start":{"line":1,"column":16},"end":{"line":1,"column":34}},"1":{"start":{"line":2,"column":15},"end":{"line":2,"column":31}},"2":{"start":{"line":3,"column":16},"end":{"line":3,"column":44}},"3":{"start":{"line":4,"column":26},"end":{"line":4,"column":70}},"4":{"start":{"line":5,"column":21},"end":{"line":5,"column":58}},"5":{"start":{"line":6,"column":18},"end":{"line":6,"column":53}},"6":{"start":{"line":7,"column":24},"end":{"line":7,"column":61}},"7":{"start":{"line":12,"column":0},"end":{"line":12,"column":58}},"8":{"start":{"line":13,"column":0},"end":{"line":13,"column":67}},"9":{"start":{"line":14,"column":0},"end":{"line":14,"column":67}},"10":{"start":{"line":15,"column":0},"end":{"line":15,"column":75}},"11":{"start":{"line":16,"column":0},"end":{"line":16,"column":59}},"12":{"start":{"line":17,"column":0},"end":{"line":23,"column":39}},"13":{"start":{"line":25,"column":0},"end":{"line":25,"column":95}},"14":{"start":{"line":27,"column":0},"end":{"line":27,"column":104}},"15":{"start":{"line":30,"column":0},"end":{"line":30,"column":24}}},"fnMap":{},"branchMap":{},"s":{"0":2,"1":2,"2":2,"3":2,"4":2,"5":2,"6":2,"7":2,"8":2,"9":2,"10":2,"11":2,"12":2,"13":2,"14":2,"15":2},"f":{},"b":{},"_coverageSchema":"1a1c01bbd47fc00a2c39e90264f33305004495a9","hash":"17038b2f8a367915711137ab443c2efe1ec692d4"}
,"/Users/victoriacampiotti/Desktop/Sprint3/SPRINT3_GRUPO2/api/routes/usersRoutes.js": {"path":"/Users/victoriacampiotti/Desktop/Sprint3/SPRINT3_GRUPO2/api/routes/usersRoutes.js","statementMap":{"0":{"start":{"line":1,"column":16},"end":{"line":1,"column":34}},"1":{"start":{"line":2,"column":27},"end":{"line":2,"column":55}},"2":{"start":{"line":4,"column":15},"end":{"line":4,"column":31}},"3":{"start":{"line":12,"column":4},"end":{"line":12,"column":45}},"4":{"start":{"line":16,"column":24},"end":{"line":16,"column":65}},"5":{"start":{"line":18,"column":18},"end":{"line":18,"column":53}},"6":{"start":{"line":19,"column":24},"end":{"line":19,"column":61}},"7":{"start":{"line":20,"column":21},"end":{"line":20,"column":58}},"8":{"start":{"line":23,"column":25},"end":{"line":23,"column":62}},"9":{"start":{"line":25,"column":0},"end":{"line":25,"column":81}},"10":{"start":{"line":27,"column":0},"end":{"line":27,"column":91}},"11":{"start":{"line":30,"column":0},"end":{"line":35,"column":18}},"12":{"start":{"line":37,"column":0},"end":{"line":47,"column":18}},"13":{"start":{"line":50,"column":0},"end":{"line":50,"column":97}},"14":{"start":{"line":52,"column":0},"end":{"line":52,"column":107}},"15":{"start":{"line":54,"column":0},"end":{"line":54,"column":111}},"16":{"start":{"line":56,"column":0},"end":{"line":56,"column":108}},"17":{"start":{"line":59,"column":0},"end":{"line":63,"column":13}},"18":{"start":{"line":66,"column":0},"end":{"line":66,"column":24}}},"fnMap":{},"branchMap":{},"s":{"0":2,"1":2,"2":2,"3":2,"4":2,"5":2,"6":2,"7":2,"8":2,"9":2,"10":2,"11":2,"12":2,"13":2,"14":2,"15":2,"16":2,"17":2,"18":2},"f":{},"b":{},"_coverageSchema":"1a1c01bbd47fc00a2c39e90264f33305004495a9","hash":"1dc2c58d8ea4a4b824e2aec9772ffd0cab26c787"}
,"/Users/victoriacampiotti/Desktop/Sprint3/SPRINT3_GRUPO2/database/config/config.js": {"path":"/Users/victoriacampiotti/Desktop/Sprint3/SPRINT3_GRUPO2/database/config/config.js","statementMap":{"0":{"start":{"line":1,"column":0},"end":{"line":1,"column":26}},"1":{"start":{"line":3,"column":0},"end":{"line":29,"column":1}}},"fnMap":{},"branchMap":{},"s":{"0":2,"1":2},"f":{},"b":{},"_coverageSchema":"1a1c01bbd47fc00a2c39e90264f33305004495a9","hash":"629488e91778c3cb631c2b3bba424ef0e67d9196"}
,"/Users/victoriacampiotti/Desktop/Sprint3/SPRINT3_GRUPO2/database/models/carts.js": {"path":"/Users/victoriacampiotti/Desktop/Sprint3/SPRINT3_GRUPO2/database/models/carts.js","statementMap":{"0":{"start":{"line":1,"column":18},"end":{"line":1,"column":38}},"1":{"start":{"line":2,"column":0},"end":{"line":41,"column":2}},"2":{"start":{"line":3,"column":2},"end":{"line":40,"column":5}}},"fnMap":{"0":{"name":"(anonymous_0)","decl":{"start":{"line":2,"column":17},"end":{"line":2,"column":18}},"loc":{"start":{"line":2,"column":48},"end":{"line":41,"column":1}},"line":2}},"branchMap":{},"s":{"0":2,"1":2,"2":17},"f":{"0":17},"b":{},"_coverageSchema":"1a1c01bbd47fc00a2c39e90264f33305004495a9","hash":"3fc3506da62d40f809fd74619871eebd79e45def"}
,"/Users/victoriacampiotti/Desktop/Sprint3/SPRINT3_GRUPO2/database/models/category.js": {"path":"/Users/victoriacampiotti/Desktop/Sprint3/SPRINT3_GRUPO2/database/models/category.js","statementMap":{"0":{"start":{"line":1,"column":18},"end":{"line":1,"column":38}},"1":{"start":{"line":2,"column":0},"end":{"line":29,"column":2}},"2":{"start":{"line":3,"column":2},"end":{"line":28,"column":5}}},"fnMap":{"0":{"name":"(anonymous_0)","decl":{"start":{"line":2,"column":17},"end":{"line":2,"column":18}},"loc":{"start":{"line":2,"column":48},"end":{"line":29,"column":1}},"line":2}},"branchMap":{},"s":{"0":2,"1":2,"2":17},"f":{"0":17},"b":{},"_coverageSchema":"1a1c01bbd47fc00a2c39e90264f33305004495a9","hash":"2c37f68ef9b24becfa5ddb59f64a6d2bf4011b2d"}
,"/Users/victoriacampiotti/Desktop/Sprint3/SPRINT3_GRUPO2/database/models/index.js": {"path":"/Users/victoriacampiotti/Desktop/Sprint3/SPRINT3_GRUPO2/database/models/index.js","statementMap":{"0":{"start":{"line":3,"column":11},"end":{"line":3,"column":24}},"1":{"start":{"line":4,"column":13},"end":{"line":4,"column":28}},"2":{"start":{"line":5,"column":18},"end":{"line":5,"column":38}},"3":{"start":{"line":6,"column":17},"end":{"line":6,"column":42}},"4":{"start":{"line":7,"column":12},"end":{"line":7,"column":49}},"5":{"start":{"line":8,"column":15},"end":{"line":8,"column":63}},"6":{"start":{"line":9,"column":11},"end":{"line":9,"column":13}},"7":{"start":{"line":12,"column":0},"end":{"line":16,"column":1}},"8":{"start":{"line":13,"column":2},"end":{"line":13,"column":74}},"9":{"start":{"line":15,"column":2},"end":{"line":15,"column":87}},"10":{"start":{"line":18,"column":0},"end":{"line":26,"column":5}},"11":{"start":{"line":21,"column":4},"end":{"line":21,"column":90}},"12":{"start":{"line":24,"column":18},"end":{"line":24,"column":85}},"13":{"start":{"line":25,"column":4},"end":{"line":25,"column":27}},"14":{"start":{"line":28,"column":0},"end":{"line":32,"column":3}},"15":{"start":{"line":29,"column":2},"end":{"line":31,"column":3}},"16":{"start":{"line":30,"column":4},"end":{"line":30,"column":32}},"17":{"start":{"line":34,"column":0},"end":{"line":34,"column":25}},"18":{"start":{"line":35,"column":0},"end":{"line":35,"column":25}},"19":{"start":{"line":37,"column":0},"end":{"line":37,"column":20}}},"fnMap":{"0":{"name":"(anonymous_0)","decl":{"start":{"line":20,"column":10},"end":{"line":20,"column":11}},"loc":{"start":{"line":20,"column":18},"end":{"line":22,"column":3}},"line":20},"1":{"name":"(anonymous_1)","decl":{"start":{"line":23,"column":11},"end":{"line":23,"column":12}},"loc":{"start":{"line":23,"column":19},"end":{"line":26,"column":3}},"line":23},"2":{"name":"(anonymous_2)","decl":{"start":{"line":28,"column":24},"end":{"line":28,"column":25}},"loc":{"start":{"line":28,"column":37},"end":{"line":32,"column":1}},"line":28}},"branchMap":{"0":{"loc":{"start":{"line":7,"column":12},"end":{"line":7,"column":49}},"type":"binary-expr","locations":[{"start":{"line":7,"column":12},"end":{"line":7,"column":32}},{"start":{"line":7,"column":36},"end":{"line":7,"column":49}}],"line":7},"1":{"loc":{"start":{"line":12,"column":0},"end":{"line":16,"column":1}},"type":"if","locations":[{"start":{"line":12,"column":0},"end":{"line":16,"column":1}},{"start":{"line":14,"column":7},"end":{"line":16,"column":1}}],"line":12},"2":{"loc":{"start":{"line":21,"column":11},"end":{"line":21,"column":89}},"type":"binary-expr","locations":[{"start":{"line":21,"column":12},"end":{"line":21,"column":35}},{"start":{"line":21,"column":41},"end":{"line":21,"column":58}},{"start":{"line":21,"column":64},"end":{"line":21,"column":88}}],"line":21},"3":{"loc":{"start":{"line":29,"column":2},"end":{"line":31,"column":3}},"type":"if","locations":[{"start":{"line":29,"column":2},"end":{"line":31,"column":3}},{"start":{},"end":{}}],"line":29}},"s":{"0":2,"1":2,"2":2,"3":2,"4":2,"5":2,"6":2,"7":2,"8":0,"9":2,"10":2,"11":16,"12":14,"13":14,"14":2,"15":14,"16":0,"17":2,"18":2,"19":2},"f":{"0":16,"1":14,"2":14},"b":{"0":[2,0],"1":[0,2],"2":[16,16,14],"3":[0,14]},"_coverageSchema":"1a1c01bbd47fc00a2c39e90264f33305004495a9","hash":"040e8d477a43e3b3733d2e2f1cf2cd466e3d6dbb"}
,"/Users/victoriacampiotti/Desktop/Sprint3/SPRINT3_GRUPO2/database/models/init-models.js": {"path":"/Users/victoriacampiotti/Desktop/Sprint3/SPRINT3_GRUPO2/database/models/init-models.js","statementMap":{"0":{"start":{"line":1,"column":18},"end":{"line":1,"column":48}},"1":{"start":{"line":2,"column":15},"end":{"line":2,"column":33}},"2":{"start":{"line":3,"column":18},"end":{"line":3,"column":39}},"3":{"start":{"line":4,"column":18},"end":{"line":4,"column":39}},"4":{"start":{"line":5,"column":22},"end":{"line":5,"column":47}},"5":{"start":{"line":6,"column":18},"end":{"line":6,"column":39}},"6":{"start":{"line":7,"column":15},"end":{"line":7,"column":33}},"7":{"start":{"line":10,"column":16},"end":{"line":10,"column":44}},"8":{"start":{"line":11,"column":19},"end":{"line":11,"column":50}},"9":{"start":{"line":12,"column":19},"end":{"line":12,"column":50}},"10":{"start":{"line":13,"column":23},"end":{"line":13,"column":58}},"11":{"start":{"line":14,"column":19},"end":{"line":14,"column":50}},"12":{"start":{"line":15,"column":16},"end":{"line":15,"column":44}},"13":{"start":{"line":17,"column":2},"end":{"line":17,"column":71}},"14":{"start":{"line":18,"column":2},"end":{"line":18,"column":77}},"15":{"start":{"line":19,"column":2},"end":{"line":19,"column":64}},"16":{"start":{"line":20,"column":2},"end":{"line":20,"column":61}},"17":{"start":{"line":21,"column":2},"end":{"line":21,"column":77}},"18":{"start":{"line":22,"column":2},"end":{"line":22,"column":75}},"19":{"start":{"line":23,"column":2},"end":{"line":23,"column":75}},"20":{"start":{"line":24,"column":2},"end":{"line":24,"column":74}},"21":{"start":{"line":25,"column":2},"end":{"line":25,"column":79}},"22":{"start":{"line":26,"column":2},"end":{"line":26,"column":83}},"23":{"start":{"line":28,"column":2},"end":{"line":35,"column":4}},"24":{"start":{"line":38,"column":0},"end":{"line":38,"column":28}},"25":{"start":{"line":39,"column":0},"end":{"line":39,"column":39}},"26":{"start":{"line":40,"column":0},"end":{"line":40,"column":36}}},"fnMap":{"0":{"name":"initModels","decl":{"start":{"line":9,"column":9},"end":{"line":9,"column":19}},"loc":{"start":{"line":9,"column":31},"end":{"line":36,"column":1}},"line":9}},"branchMap":{},"s":{"0":2,"1":2,"2":2,"3":2,"4":2,"5":2,"6":2,"7":15,"8":15,"9":15,"10":15,"11":15,"12":15,"13":15,"14":15,"15":15,"16":15,"17":15,"18":15,"19":15,"20":15,"21":15,"22":15,"23":15,"24":2,"25":2,"26":2},"f":{"0":15},"b":{},"_coverageSchema":"1a1c01bbd47fc00a2c39e90264f33305004495a9","hash":"e55587356fc95e297dd1241bfea9ed7119504f8e"}
,"/Users/victoriacampiotti/Desktop/Sprint3/SPRINT3_GRUPO2/database/models/pictures.js": {"path":"/Users/victoriacampiotti/Desktop/Sprint3/SPRINT3_GRUPO2/database/models/pictures.js","statementMap":{"0":{"start":{"line":1,"column":18},"end":{"line":1,"column":38}},"1":{"start":{"line":2,"column":0},"end":{"line":48,"column":2}},"2":{"start":{"line":3,"column":2},"end":{"line":47,"column":5}}},"fnMap":{"0":{"name":"(anonymous_0)","decl":{"start":{"line":2,"column":17},"end":{"line":2,"column":18}},"loc":{"start":{"line":2,"column":48},"end":{"line":48,"column":1}},"line":2}},"branchMap":{},"s":{"0":2,"1":2,"2":17},"f":{"0":17},"b":{},"_coverageSchema":"1a1c01bbd47fc00a2c39e90264f33305004495a9","hash":"307a4ca382a6bf99257b3b1de5cc2864f4f0c343"}
,"/Users/victoriacampiotti/Desktop/Sprint3/SPRINT3_GRUPO2/database/models/product_cart.js": {"path":"/Users/victoriacampiotti/Desktop/Sprint3/SPRINT3_GRUPO2/database/models/product_cart.js","statementMap":{"0":{"start":{"line":1,"column":18},"end":{"line":1,"column":38}},"1":{"start":{"line":2,"column":0},"end":{"line":61,"column":2}},"2":{"start":{"line":3,"column":2},"end":{"line":60,"column":5}}},"fnMap":{"0":{"name":"(anonymous_0)","decl":{"start":{"line":2,"column":17},"end":{"line":2,"column":18}},"loc":{"start":{"line":2,"column":48},"end":{"line":61,"column":1}},"line":2}},"branchMap":{},"s":{"0":2,"1":2,"2":17},"f":{"0":17},"b":{},"_coverageSchema":"1a1c01bbd47fc00a2c39e90264f33305004495a9","hash":"76170abef4e01cc40c4104c82a19e0775998dfcd"}
,"/Users/victoriacampiotti/Desktop/Sprint3/SPRINT3_GRUPO2/database/models/products.js": {"path":"/Users/victoriacampiotti/Desktop/Sprint3/SPRINT3_GRUPO2/database/models/products.js","statementMap":{"0":{"start":{"line":1,"column":18},"end":{"line":1,"column":38}},"1":{"start":{"line":2,"column":0},"end":{"line":62,"column":2}},"2":{"start":{"line":3,"column":2},"end":{"line":61,"column":5}}},"fnMap":{"0":{"name":"(anonymous_0)","decl":{"start":{"line":2,"column":17},"end":{"line":2,"column":18}},"loc":{"start":{"line":2,"column":48},"end":{"line":62,"column":1}},"line":2}},"branchMap":{},"s":{"0":2,"1":2,"2":17},"f":{"0":17},"b":{},"_coverageSchema":"1a1c01bbd47fc00a2c39e90264f33305004495a9","hash":"eb28ca982fbcb8fcb3124f453dbc842e6cb17154"}
,"/Users/victoriacampiotti/Desktop/Sprint3/SPRINT3_GRUPO2/database/models/users.js": {"path":"/Users/victoriacampiotti/Desktop/Sprint3/SPRINT3_GRUPO2/database/models/users.js","statementMap":{"0":{"start":{"line":1,"column":18},"end":{"line":1,"column":38}},"1":{"start":{"line":2,"column":0},"end":{"line":72,"column":2}},"2":{"start":{"line":3,"column":2},"end":{"line":71,"column":5}}},"fnMap":{"0":{"name":"(anonymous_0)","decl":{"start":{"line":2,"column":17},"end":{"line":2,"column":18}},"loc":{"start":{"line":2,"column":48},"end":{"line":72,"column":1}},"line":2}},"branchMap":{},"s":{"0":2,"1":2,"2":17},"f":{"0":17},"b":{},"_coverageSchema":"1a1c01bbd47fc00a2c39e90264f33305004495a9","hash":"8d57f50296b6af6b7d5dd0e0086f766d01fd9ba8"}
,"/Users/victoriacampiotti/Desktop/Sprint3/SPRINT3_GRUPO2/helpers/extractToken.js": {"path":"/Users/victoriacampiotti/Desktop/Sprint3/SPRINT3_GRUPO2/helpers/extractToken.js","statementMap":{"0":{"start":{"line":1,"column":21},"end":{"line":6,"column":2}},"1":{"start":{"line":2,"column":4},"end":{"line":4,"column":5}},"2":{"start":{"line":3,"column":7},"end":{"line":3,"column":54}},"3":{"start":{"line":5,"column":4},"end":{"line":5,"column":16}},"4":{"start":{"line":9,"column":1},"end":{"line":9,"column":31}}},"fnMap":{"0":{"name":"(anonymous_0)","decl":{"start":{"line":1,"column":21},"end":{"line":1,"column":22}},"loc":{"start":{"line":1,"column":30},"end":{"line":6,"column":2}},"line":1}},"branchMap":{"0":{"loc":{"start":{"line":2,"column":4},"end":{"line":4,"column":5}},"type":"if","locations":[{"start":{"line":2,"column":4},"end":{"line":4,"column":5}},{"start":{},"end":{}}],"line":2},"1":{"loc":{"start":{"line":2,"column":8},"end":{"line":2,"column":89}},"type":"binary-expr","locations":[{"start":{"line":2,"column":8},"end":{"line":2,"column":33}},{"start":{"line":2,"column":37},"end":{"line":2,"column":89}}],"line":2}},"s":{"0":2,"1":11,"2":9,"3":2,"4":2},"f":{"0":11},"b":{"0":[9,2],"1":[11,9]},"_coverageSchema":"1a1c01bbd47fc00a2c39e90264f33305004495a9","hash":"69a6c36b3dc46f4dba163cbfea0b553f6a6665b6"}
,"/Users/victoriacampiotti/Desktop/Sprint3/SPRINT3_GRUPO2/helpers/generateJWT.js": {"path":"/Users/victoriacampiotti/Desktop/Sprint3/SPRINT3_GRUPO2/helpers/generateJWT.js","statementMap":{"0":{"start":{"line":1,"column":12},"end":{"line":1,"column":35}},"1":{"start":{"line":3,"column":20},"end":{"line":20,"column":1}},"2":{"start":{"line":5,"column":4},"end":{"line":18,"column":6}},"3":{"start":{"line":7,"column":8},"end":{"line":17,"column":10}},"4":{"start":{"line":11,"column":12},"end":{"line":14,"column":13}},"5":{"start":{"line":12,"column":16},"end":{"line":12,"column":32}},"6":{"start":{"line":13,"column":16},"end":{"line":13,"column":52}},"7":{"start":{"line":16,"column":12},"end":{"line":16,"column":26}},"8":{"start":{"line":22,"column":0},"end":{"line":22,"column":30}}},"fnMap":{"0":{"name":"(anonymous_0)","decl":{"start":{"line":3,"column":20},"end":{"line":3,"column":21}},"loc":{"start":{"line":3,"column":39},"end":{"line":20,"column":1}},"line":3},"1":{"name":"(anonymous_1)","decl":{"start":{"line":5,"column":24},"end":{"line":5,"column":25}},"loc":{"start":{"line":5,"column":45},"end":{"line":18,"column":5}},"line":5},"2":{"name":"(anonymous_2)","decl":{"start":{"line":10,"column":11},"end":{"line":10,"column":12}},"loc":{"start":{"line":10,"column":26},"end":{"line":17,"column":9}},"line":10}},"branchMap":{"0":{"loc":{"start":{"line":3,"column":21},"end":{"line":3,"column":33}},"type":"default-arg","locations":[{"start":{"line":3,"column":31},"end":{"line":3,"column":33}}],"line":3},"1":{"loc":{"start":{"line":11,"column":12},"end":{"line":14,"column":13}},"type":"if","locations":[{"start":{"line":11,"column":12},"end":{"line":14,"column":13}},{"start":{},"end":{}}],"line":11}},"s":{"0":2,"1":2,"2":9,"3":9,"4":9,"5":0,"6":0,"7":9,"8":2},"f":{"0":9,"1":9,"2":9},"b":{"0":[3],"1":[0,9]},"_coverageSchema":"1a1c01bbd47fc00a2c39e90264f33305004495a9","hash":"1225424b9075d1025658d9a8c748c94ef7272a87"}
,"/Users/victoriacampiotti/Desktop/Sprint3/SPRINT3_GRUPO2/helpers/verifyUnique.js": {"path":"/Users/victoriacampiotti/Desktop/Sprint3/SPRINT3_GRUPO2/helpers/verifyUnique.js","statementMap":{"0":{"start":{"line":1,"column":19},"end":{"line":1,"column":60}},"1":{"start":{"line":2,"column":22},"end":{"line":2,"column":51}},"2":{"start":{"line":4,"column":15},"end":{"line":4,"column":36}},"3":{"start":{"line":6,"column":21},"end":{"line":29,"column":1}},"4":{"start":{"line":10,"column":23},"end":{"line":12,"column":12}},"5":{"start":{"line":13,"column":10},"end":{"line":15,"column":9}},"6":{"start":{"line":14,"column":12},"end":{"line":14,"column":66}},"7":{"start":{"line":21,"column":23},"end":{"line":23,"column":12}},"8":{"start":{"line":24,"column":10},"end":{"line":26,"column":9}},"9":{"start":{"line":25,"column":12},"end":{"line":25,"column":68}},"10":{"start":{"line":31,"column":0},"end":{"line":31,"column":32}}},"fnMap":{"0":{"name":"(anonymous_0)","decl":{"start":{"line":8,"column":17},"end":{"line":8,"column":18}},"loc":{"start":{"line":8,"column":34},"end":{"line":16,"column":5}},"line":8},"1":{"name":"(anonymous_1)","decl":{"start":{"line":19,"column":20},"end":{"line":19,"column":21}},"loc":{"start":{"line":19,"column":40},"end":{"line":27,"column":5}},"line":19}},"branchMap":{"0":{"loc":{"start":{"line":13,"column":10},"end":{"line":15,"column":9}},"type":"if","locations":[{"start":{"line":13,"column":10},"end":{"line":15,"column":9}},{"start":{},"end":{}}],"line":13},"1":{"loc":{"start":{"line":24,"column":10},"end":{"line":26,"column":9}},"type":"if","locations":[{"start":{"line":24,"column":10},"end":{"line":26,"column":9}},{"start":{},"end":{}}],"line":24}},"s":{"0":2,"1":2,"2":2,"3":2,"4":3,"5":3,"6":1,"7":3,"8":3,"9":1,"10":2},"f":{"0":3,"1":3},"b":{"0":[1,2],"1":[1,2]},"_coverageSchema":"1a1c01bbd47fc00a2c39e90264f33305004495a9","hash":"f23107e7d58103ab42f6b9aef266edf0d08f6335"}
}
