TN:
SF:server.js
FN:31,(anonymous_0)
FN:47,(anonymous_1)
FNF:2
FNH:1
FNDA:0,(anonymous_0)
FNDA:3,(anonymous_1)
DA:1,3
DA:3,3
DA:4,3
DA:5,3
DA:6,3
DA:7,3
DA:8,3
DA:9,3
DA:11,3
DA:12,3
DA:13,3
DA:14,3
DA:16,3
DA:18,3
DA:21,3
DA:23,3
DA:24,3
DA:26,3
DA:27,3
DA:29,3
DA:31,3
DA:33,3
DA:40,3
DA:41,3
DA:42,3
DA:43,3
DA:47,3
DA:48,3
DA:49,3
DA:52,3
LF:30
LH:30
BRF:0
BRH:0
end_of_record
TN:
SF:api/controllers/cartsController.js
FN:7,(anonymous_0)
FN:38,(anonymous_1)
FNF:2
FNH:0
FNDA:0,(anonymous_0)
FNDA:0,(anonymous_1)
DA:1,3
DA:2,3
DA:4,3
DA:6,3
DA:8,0
DA:9,0
DA:22,0
DA:23,0
DA:29,0
DA:31,0
DA:32,0
DA:39,0
DA:40,0
DA:42,0
DA:44,0
DA:51,0
DA:52,0
DA:58,0
DA:62,0
DA:69,0
DA:70,0
DA:71,0
DA:72,0
DA:73,0
DA:74,0
DA:75,0
DA:85,0
DA:86,0
DA:88,0
DA:89,0
DA:90,0
DA:95,0
DA:97,0
DA:98,0
DA:99,0
DA:107,0
DA:113,0
DA:120,0
DA:121,0
DA:129,0
DA:130,0
DA:131,0
DA:132,0
DA:133,0
DA:134,0
DA:143,0
DA:144,0
DA:150,0
DA:153,0
DA:154,0
DA:163,3
LF:51
LH:5
BRDA:22,0,0,0
BRDA:22,0,1,0
BRDA:51,1,0,0
BRDA:51,1,1,0
BRDA:71,2,0,0
BRDA:71,2,1,0
BRDA:88,3,0,0
BRDA:88,3,1,0
BRDA:95,4,0,0
BRDA:95,4,1,0
BRF:10
BRH:0
end_of_record
TN:
SF:api/controllers/picturesController.js
FN:6,(anonymous_0)
FN:33,(anonymous_1)
FN:63,(anonymous_2)
FN:102,(anonymous_3)
FN:130,(anonymous_4)
FNF:5
FNH:1
FNDA:0,(anonymous_0)
FNDA:0,(anonymous_1)
FNDA:1,(anonymous_2)
FNDA:0,(anonymous_3)
FNDA:0,(anonymous_4)
DA:1,3
DA:2,3
DA:3,3
DA:6,3
DA:7,0
DA:8,0
DA:12,0
DA:13,0
DA:18,0
DA:24,0
DA:25,0
DA:33,3
DA:34,0
DA:36,0
DA:38,0
DA:41,0
DA:42,0
DA:47,0
DA:53,0
DA:54,0
DA:63,3
DA:65,1
DA:68,1
DA:69,1
DA:70,1
DA:73,1
DA:74,0
DA:81,1
DA:87,1
DA:93,0
DA:94,0
DA:102,3
DA:103,0
DA:104,0
DA:107,0
DA:108,0
DA:113,0
DA:114,0
DA:120,0
DA:121,0
DA:130,3
DA:131,0
DA:133,0
DA:137,0
DA:144,0
DA:145,0
DA:153,3
LF:47
LH:16
BRDA:12,0,0,0
BRDA:12,0,1,0
BRDA:41,1,0,0
BRDA:41,1,1,0
BRDA:73,2,0,0
BRDA:73,2,1,1
BRDA:73,3,0,1
BRDA:73,3,1,1
BRDA:107,4,0,0
BRDA:107,4,1,0
BRDA:113,5,0,0
BRDA:113,5,1,0
BRF:12
BRH:3
end_of_record
TN:
SF:api/controllers/productsController.js
FN:16,(anonymous_0)
FN:42,(anonymous_1)
FN:77,(anonymous_2)
FN:103,(anonymous_3)
FN:143,(anonymous_4)
FN:165,(anonymous_5)
FN:205,(anonymous_6)
FN:242,(anonymous_7)
FN:252,(anonymous_8)
FN:284,(anonymous_9)
FNF:10
FNH:4
FNDA:0,(anonymous_0)
FNDA:0,(anonymous_1)
FNDA:0,(anonymous_2)
FNDA:0,(anonymous_3)
FNDA:1,(anonymous_4)
FNDA:0,(anonymous_5)
FNDA:2,(anonymous_6)
FNDA:2,(anonymous_7)
FNDA:2,(anonymous_8)
FNDA:0,(anonymous_9)
DA:2,3
DA:3,3
DA:4,3
DA:5,3
DA:6,3
DA:9,3
DA:11,3
DA:18,0
DA:19,0
DA:28,0
DA:30,0
DA:34,0
DA:45,0
DA:46,0
DA:58,0
DA:59,0
DA:64,0
DA:67,0
DA:80,0
DA:81,0
DA:89,0
DA:90,0
DA:94,0
DA:106,0
DA:107,0
DA:122,0
DA:123,0
DA:124,0
DA:128,0
DA:134,0
DA:144,1
DA:145,1
DA:151,1
DA:154,0
DA:155,0
DA:166,0
DA:168,0
DA:170,0
DA:183,0
DA:185,0
DA:190,0
DA:195,0
DA:196,0
DA:206,2
DA:209,2
DA:210,2
DA:223,2
DA:224,1
DA:229,1
DA:234,0
DA:235,0
DA:243,2
DA:244,2
DA:246,0
DA:253,2
DA:254,2
DA:255,2
DA:256,2
DA:267,2
DA:271,2
DA:272,1
DA:274,1
DA:277,0
DA:278,0
DA:285,0
DA:287,0
DA:288,0
DA:290,0
DA:291,0
DA:294,0
DA:297,0
DA:298,0
DA:304,0
DA:312,0
DA:313,0
DA:321,3
LF:76
LH:27
BRDA:58,0,0,0
BRDA:58,0,1,0
BRDA:123,1,0,0
BRDA:123,1,1,0
BRDA:183,2,0,0
BRDA:183,2,1,0
BRDA:223,3,0,1
BRDA:223,3,1,1
BRDA:243,4,0,2
BRDA:243,4,1,0
BRDA:271,5,0,1
BRDA:271,5,1,1
BRDA:290,6,0,0
BRDA:290,6,1,0
BRF:14
BRH:5
end_of_record
TN:
SF:api/controllers/usersController.js
FN:12,(anonymous_0)
FN:55,(anonymous_1)
FN:97,(anonymous_2)
FN:137,(anonymous_3)
FN:173,(anonymous_4)
FN:222,(anonymous_5)
FNF:6
FNH:3
FNDA:0,(anonymous_0)
FNDA:0,(anonymous_1)
FNDA:1,(anonymous_2)
FNDA:3,(anonymous_3)
FNDA:3,(anonymous_4)
FNDA:0,(anonymous_5)
DA:2,3
DA:3,3
DA:4,3
DA:5,3
DA:6,3
DA:7,3
DA:8,3
DA:12,3
DA:13,0
DA:14,0
DA:37,0
DA:39,0
DA:40,0
DA:43,0
DA:44,0
DA:55,3
DA:56,0
DA:57,0
DA:81,0
DA:82,0
DA:85,0
DA:88,0
DA:89,0
DA:97,3
DA:99,1
DA:100,1
DA:101,1
DA:108,0
DA:113,1
DA:114,1
DA:117,1
DA:123,0
DA:137,3
DA:138,3
DA:139,3
DA:144,3
DA:145,1
DA:147,2
DA:150,2
DA:154,2
DA:155,2
DA:160,0
DA:161,0
DA:173,3
DA:174,3
DA:175,3
DA:196,3
DA:197,2
DA:201,1
DA:202,0
DA:205,0
DA:206,0
DA:208,1
DA:215,0
DA:217,0
DA:222,3
DA:224,0
DA:226,0
DA:227,0
DA:232,0
DA:233,0
DA:239,0
DA:244,0
DA:246,0
DA:255,0
DA:256,0
DA:265,3
LF:67
LH:34
BRDA:81,0,0,0
BRDA:81,0,1,0
BRDA:144,1,0,1
BRDA:144,1,1,2
BRDA:154,2,0,2
BRDA:154,2,1,0
BRDA:196,3,0,2
BRDA:196,3,1,1
BRDA:201,4,0,0
BRDA:201,4,1,1
BRDA:232,5,0,0
BRDA:232,5,1,0
BRF:12
BRH:6
end_of_record
TN:
SF:api/middlewares/handleErros.js
FN:3,(anonymous_0)
FNF:1
FNH:1
FNDA:7,(anonymous_0)
DA:1,3
DA:3,3
DA:5,7
DA:7,7
DA:8,2
DA:12,5
DA:15,3
LF:7
LH:7
BRDA:7,0,0,2
BRDA:7,0,1,5
BRF:2
BRH:2
end_of_record
TN:
SF:api/middlewares/verifyJWT.js
FN:7,(anonymous_0)
FNF:1
FNH:1
FNDA:26,(anonymous_0)
DA:1,3
DA:3,3
DA:7,3
DA:9,26
DA:10,26
DA:12,26
DA:13,21
DA:17,5
DA:25,3
LF:9
LH:9
BRF:0
BRH:0
end_of_record
TN:
SF:api/middlewares/verifyRoles.js
FN:11,(anonymous_0)
FN:11,(anonymous_1)
FN:79,(anonymous_2)
FN:86,(anonymous_3)
FNF:4
FNH:3
FNDA:45,(anonymous_0)
FNDA:16,(anonymous_1)
FNDA:0,(anonymous_2)
FNDA:16,(anonymous_3)
DA:2,3
DA:3,3
DA:5,3
DA:11,45
DA:13,16
DA:15,16
DA:16,11
DA:19,8
DA:20,8
DA:23,0
DA:24,0
DA:26,0
DA:28,0
DA:35,0
DA:40,0
DA:43,3
DA:44,3
DA:45,0
DA:47,0
DA:54,3
DA:59,0
DA:62,0
DA:66,0
DA:70,5
DA:79,3
DA:80,0
DA:81,0
DA:83,0
DA:86,3
DA:88,16
DA:90,16
DA:91,16
DA:93,16
DA:94,5
DA:102,16
DA:103,11
DA:110,5
DA:111,5
DA:118,16
DA:121,3
LF:40
LH:26
BRDA:15,0,0,11
BRDA:15,0,1,5
BRDA:16,1,0,8
BRDA:16,1,1,0
BRDA:16,1,2,3
BRDA:16,1,3,0
BRDA:23,2,0,0
BRDA:23,2,1,0
BRDA:24,3,0,0
BRDA:24,3,1,0
BRDA:26,4,0,0
BRDA:26,4,1,0
BRDA:43,5,0,0
BRDA:43,5,1,3
BRDA:44,6,0,0
BRDA:44,6,1,3
BRDA:45,7,0,0
BRDA:45,7,1,0
BRDA:80,8,0,0
BRDA:80,8,1,0
BRDA:93,9,0,5
BRDA:93,9,1,11
BRF:22
BRH:8
end_of_record
TN:
SF:api/routes/cartsRoutes.js
FNF:0
FNH:0
DA:1,3
DA:2,3
DA:3,3
DA:4,3
DA:5,3
DA:7,3
DA:9,3
DA:11,3
LF:8
LH:8
BRF:0
BRH:0
end_of_record
TN:
SF:api/routes/pictureRoutes.js
FNF:0
FNH:0
DA:1,3
DA:2,3
DA:3,3
DA:4,3
DA:5,3
DA:6,3
DA:7,3
DA:19,3
DA:21,3
DA:23,3
DA:30,3
DA:37,3
DA:39,3
LF:13
LH:13
BRF:0
BRH:0
end_of_record
TN:
SF:api/routes/productsRoutes.js
FNF:0
FNH:0
DA:1,3
DA:2,3
DA:3,3
DA:4,3
DA:5,3
DA:6,3
DA:7,3
DA:12,3
DA:13,3
DA:14,3
DA:15,3
DA:16,3
DA:17,3
DA:25,3
DA:27,3
DA:30,3
LF:16
LH:16
BRF:0
BRH:0
end_of_record
TN:
SF:api/routes/usersRoutes.js
FNF:0
FNH:0
DA:1,3
DA:2,3
DA:4,3
DA:12,3
DA:16,3
DA:18,3
DA:19,3
DA:20,3
DA:23,3
DA:25,3
DA:27,3
DA:30,3
DA:37,3
DA:50,3
DA:52,3
DA:54,3
DA:56,3
DA:59,3
DA:66,3
LF:19
LH:19
BRF:0
BRH:0
end_of_record
TN:
SF:database/config/config.js
FNF:0
FNH:0
DA:1,3
DA:3,3
LF:2
LH:2
BRF:0
BRH:0
end_of_record
TN:
SF:database/models/carts.js
FN:2,(anonymous_0)
FNF:1
FNH:1
FNDA:27,(anonymous_0)
DA:1,3
DA:2,3
DA:3,27
LF:3
LH:3
BRF:0
BRH:0
end_of_record
TN:
SF:database/models/category.js
FN:2,(anonymous_0)
FNF:1
FNH:1
FNDA:27,(anonymous_0)
DA:1,3
DA:2,3
DA:3,27
LF:3
LH:3
BRF:0
BRH:0
end_of_record
TN:
SF:database/models/index.js
FN:20,(anonymous_0)
FN:23,(anonymous_1)
FN:28,(anonymous_2)
FNF:3
FNH:3
FNDA:24,(anonymous_0)
FNDA:21,(anonymous_1)
FNDA:21,(anonymous_2)
DA:3,3
DA:4,3
DA:5,3
DA:6,3
DA:7,3
DA:8,3
DA:9,3
DA:12,3
DA:13,0
DA:15,3
DA:18,3
DA:21,24
DA:24,21
DA:25,21
DA:28,3
DA:29,21
DA:30,0
DA:34,3
DA:35,3
DA:37,3
LF:20
LH:18
BRDA:7,0,0,3
BRDA:7,0,1,0
BRDA:12,1,0,0
BRDA:12,1,1,3
BRDA:21,2,0,24
BRDA:21,2,1,24
BRDA:21,2,2,21
BRDA:29,3,0,0
BRDA:29,3,1,21
BRF:9
BRH:6
end_of_record
TN:
SF:database/models/init-models.js
FN:9,initModels
FNF:1
FNH:1
FNDA:24,initModels
DA:1,3
DA:2,3
DA:3,3
DA:4,3
DA:5,3
DA:6,3
DA:7,3
DA:10,24
DA:11,24
DA:12,24
DA:13,24
DA:14,24
DA:15,24
DA:17,24
DA:18,24
DA:19,24
DA:20,24
DA:21,24
DA:22,24
DA:23,24
DA:24,24
DA:25,24
DA:26,24
DA:28,24
DA:38,3
DA:39,3
DA:40,3
LF:27
LH:27
BRF:0
BRH:0
end_of_record
TN:
SF:database/models/pictures.js
FN:2,(anonymous_0)
FNF:1
FNH:1
FNDA:27,(anonymous_0)
DA:1,3
DA:2,3
DA:3,27
LF:3
LH:3
BRF:0
BRH:0
end_of_record
TN:
SF:database/models/product_cart.js
FN:2,(anonymous_0)
FNF:1
FNH:1
FNDA:27,(anonymous_0)
DA:1,3
DA:2,3
DA:3,27
LF:3
LH:3
BRF:0
BRH:0
end_of_record
TN:
SF:database/models/products.js
FN:2,(anonymous_0)
FNF:1
FNH:1
FNDA:27,(anonymous_0)
DA:1,3
DA:2,3
DA:3,27
LF:3
LH:3
BRF:0
BRH:0
end_of_record
TN:
SF:database/models/users.js
FN:2,(anonymous_0)
FNF:1
FNH:1
FNDA:27,(anonymous_0)
DA:1,3
DA:2,3
DA:3,27
LF:3
LH:3
BRF:0
BRH:0
end_of_record
TN:
SF:helpers/extractToken.js
FN:1,(anonymous_0)
FNF:1
FNH:1
FNDA:26,(anonymous_0)
DA:1,3
DA:2,26
DA:3,21
DA:5,5
DA:9,3
LF:5
LH:5
BRDA:2,0,0,21
BRDA:2,0,1,5
BRDA:2,1,0,26
BRDA:2,1,1,21
BRF:4
BRH:4
end_of_record
TN:
SF:helpers/generateJWT.js
FN:3,(anonymous_0)
FN:5,(anonymous_1)
FN:10,(anonymous_2)
FNF:3
FNH:3
FNDA:21,(anonymous_0)
FNDA:21,(anonymous_1)
FNDA:21,(anonymous_2)
DA:1,3
DA:3,3
DA:5,21
DA:7,21
DA:11,21
DA:12,0
DA:13,0
DA:16,21
DA:22,3
LF:9
LH:7
BRDA:3,0,0,5
BRDA:11,1,0,0
BRDA:11,1,1,21
BRF:3
BRH:2
end_of_record
TN:
SF:helpers/verifyUnique.js
FN:8,(anonymous_0)
FN:19,(anonymous_1)
FNF:2
FNH:2
FNDA:5,(anonymous_0)
FNDA:5,(anonymous_1)
DA:1,3
DA:2,3
DA:4,3
DA:6,3
DA:10,5
DA:13,4
DA:14,0
DA:21,5
DA:24,4
DA:25,0
DA:31,3
LF:11
LH:9
BRDA:13,0,0,0
BRDA:13,0,1,4
BRDA:24,1,0,0
BRDA:24,1,1,4
BRF:4
BRH:2
end_of_record
