TN:
SF:server.js
FN:31,(anonymous_0)
FN:47,(anonymous_1)
FNF:2
FNH:2
FNDA:1,(anonymous_0)
FNDA:4,(anonymous_1)
DA:1,4
DA:3,4
DA:4,4
DA:5,4
DA:6,4
DA:7,4
DA:8,4
DA:9,4
DA:11,4
DA:12,4
DA:13,4
DA:14,4
DA:16,4
DA:18,4
DA:21,4
DA:23,4
DA:24,4
DA:26,4
DA:27,4
DA:29,4
DA:31,4
DA:33,4
DA:40,4
DA:41,4
DA:42,4
DA:43,4
DA:47,4
DA:48,4
DA:49,4
DA:52,4
LF:30
LH:30
BRF:0
BRH:0
end_of_record
TN:
SF:api/controllers/cartsController.js
FN:7,(anonymous_0)
FN:38,(anonymous_1)
FNF:2
FNH:0
FNDA:0,(anonymous_0)
FNDA:0,(anonymous_1)
DA:1,4
DA:2,4
DA:4,4
DA:6,4
DA:8,0
DA:9,0
DA:22,0
DA:23,0
DA:29,0
DA:31,0
DA:32,0
DA:39,0
DA:40,0
DA:42,0
DA:44,0
DA:51,0
DA:52,0
DA:58,0
DA:62,0
DA:69,0
DA:70,0
DA:71,0
DA:72,0
DA:73,0
DA:74,0
DA:75,0
DA:85,0
DA:86,0
DA:88,0
DA:89,0
DA:90,0
DA:95,0
DA:97,0
DA:98,0
DA:99,0
DA:107,0
DA:113,0
DA:120,0
DA:121,0
DA:129,0
DA:130,0
DA:131,0
DA:132,0
DA:133,0
DA:134,0
DA:143,0
DA:144,0
DA:150,0
DA:153,0
DA:154,0
DA:163,4
LF:51
LH:5
BRDA:22,0,0,0
BRDA:22,0,1,0
BRDA:51,1,0,0
BRDA:51,1,1,0
BRDA:71,2,0,0
BRDA:71,2,1,0
BRDA:88,3,0,0
BRDA:88,3,1,0
BRDA:95,4,0,0
BRDA:95,4,1,0
BRF:10
BRH:0
end_of_record
TN:
SF:api/controllers/picturesController.js
FN:6,(anonymous_0)
FN:33,(anonymous_1)
FN:63,(anonymous_2)
FN:102,(anonymous_3)
FN:130,(anonymous_4)
FNF:5
FNH:2
FNDA:0,(anonymous_0)
FNDA:3,(anonymous_1)
FNDA:1,(anonymous_2)
FNDA:0,(anonymous_3)
FNDA:0,(anonymous_4)
DA:1,4
DA:2,4
DA:3,4
DA:6,4
DA:7,0
DA:8,0
DA:12,0
DA:13,0
DA:18,0
DA:24,0
DA:25,0
DA:33,4
DA:34,3
DA:36,3
DA:38,3
DA:41,3
DA:42,1
DA:47,2
DA:53,0
DA:54,0
DA:63,4
DA:65,1
DA:68,1
DA:69,1
DA:70,1
DA:73,1
DA:74,0
DA:81,1
DA:87,1
DA:93,0
DA:94,0
DA:102,4
DA:103,0
DA:104,0
DA:107,0
DA:108,0
DA:113,0
DA:114,0
DA:120,0
DA:121,0
DA:130,4
DA:131,0
DA:133,0
DA:137,0
DA:144,0
DA:145,0
DA:153,4
LF:47
LH:22
BRDA:12,0,0,0
BRDA:12,0,1,0
BRDA:41,1,0,1
BRDA:41,1,1,2
BRDA:73,2,0,0
BRDA:73,2,1,1
BRDA:73,3,0,1
BRDA:73,3,1,1
BRDA:107,4,0,0
BRDA:107,4,1,0
BRDA:113,5,0,0
BRDA:113,5,1,0
BRF:12
BRH:5
end_of_record
TN:
SF:api/controllers/productsController.js
FN:16,(anonymous_0)
FN:42,(anonymous_1)
FN:77,(anonymous_2)
FN:103,(anonymous_3)
FN:143,(anonymous_4)
FN:165,(anonymous_5)
FN:205,(anonymous_6)
FN:242,(anonymous_7)
FN:252,(anonymous_8)
FN:284,(anonymous_9)
FNF:10
FNH:7
FNDA:0,(anonymous_0)
FNDA:0,(anonymous_1)
FNDA:0,(anonymous_2)
FNDA:2,(anonymous_3)
FNDA:1,(anonymous_4)
FNDA:2,(anonymous_5)
FNDA:2,(anonymous_6)
FNDA:2,(anonymous_7)
FNDA:2,(anonymous_8)
FNDA:2,(anonymous_9)
DA:2,4
DA:3,4
DA:4,4
DA:5,4
DA:6,4
DA:9,4
DA:11,4
DA:18,0
DA:19,0
DA:28,0
DA:30,0
DA:34,0
DA:45,0
DA:46,0
DA:58,0
DA:59,0
DA:64,0
DA:67,0
DA:80,0
DA:81,0
DA:89,0
DA:90,0
DA:94,0
DA:106,2
DA:107,2
DA:122,2
DA:123,2
DA:124,1
DA:128,1
DA:134,0
DA:144,1
DA:145,1
DA:151,1
DA:154,0
DA:155,0
DA:166,2
DA:168,2
DA:170,2
DA:183,2
DA:185,1
DA:190,1
DA:195,0
DA:196,0
DA:206,2
DA:209,2
DA:210,2
DA:223,2
DA:224,1
DA:229,1
DA:234,0
DA:235,0
DA:243,2
DA:244,2
DA:246,0
DA:253,2
DA:254,2
DA:255,2
DA:256,2
DA:267,2
DA:271,2
DA:272,1
DA:274,1
DA:277,0
DA:278,0
DA:285,2
DA:287,2
DA:288,2
DA:290,2
DA:291,1
DA:294,1
DA:297,1
DA:298,1
DA:304,1
DA:312,0
DA:313,0
DA:321,4
LF:76
LH:48
BRDA:58,0,0,0
BRDA:58,0,1,0
BRDA:123,1,0,1
BRDA:123,1,1,1
BRDA:183,2,0,1
BRDA:183,2,1,1
BRDA:183,3,0,2
BRDA:183,3,1,1
BRDA:223,4,0,1
BRDA:223,4,1,1
BRDA:243,5,0,2
BRDA:243,5,1,0
BRDA:271,6,0,1
BRDA:271,6,1,1
BRDA:290,7,0,1
BRDA:290,7,1,1
BRF:16
BRH:13
end_of_record
TN:
SF:api/controllers/usersController.js
FN:12,(anonymous_0)
FN:55,(anonymous_1)
FN:97,(anonymous_2)
FN:137,(anonymous_3)
FN:173,(anonymous_4)
FN:222,(anonymous_5)
FNF:6
FNH:4
FNDA:0,(anonymous_0)
FNDA:0,(anonymous_1)
FNDA:1,(anonymous_2)
FNDA:2,(anonymous_3)
FNDA:3,(anonymous_4)
FNDA:1,(anonymous_5)
DA:2,4
DA:3,4
DA:4,4
DA:5,4
DA:6,4
DA:7,4
DA:8,4
DA:12,4
DA:13,0
DA:14,0
DA:37,0
DA:39,0
DA:40,0
DA:43,0
DA:44,0
DA:55,4
DA:56,0
DA:57,0
DA:81,0
DA:82,0
DA:85,0
DA:88,0
DA:89,0
DA:97,4
DA:99,1
DA:100,1
DA:101,1
DA:108,0
DA:113,1
DA:114,1
DA:117,1
DA:123,0
DA:137,4
DA:138,2
DA:139,2
DA:144,2
DA:145,1
DA:147,1
DA:150,1
DA:154,1
DA:155,1
DA:160,0
DA:161,0
DA:173,4
DA:174,3
DA:175,3
DA:196,3
DA:197,1
DA:201,2
DA:202,1
DA:205,1
DA:206,1
DA:208,1
DA:215,0
DA:217,0
DA:222,4
DA:224,1
DA:226,1
DA:227,1
DA:232,1
DA:233,0
DA:239,1
DA:244,1
DA:246,1
DA:255,0
DA:256,0
DA:265,4
LF:67
LH:44
BRDA:81,0,0,0
BRDA:81,0,1,0
BRDA:144,1,0,1
BRDA:144,1,1,1
BRDA:154,2,0,1
BRDA:154,2,1,0
BRDA:196,3,0,1
BRDA:196,3,1,2
BRDA:201,4,0,1
BRDA:201,4,1,1
BRDA:232,5,0,0
BRDA:232,5,1,1
BRF:12
BRH:8
end_of_record
TN:
SF:api/middlewares/handleErros.js
FN:3,(anonymous_0)
FNF:1
FNH:1
FNDA:9,(anonymous_0)
DA:1,4
DA:3,4
DA:5,9
DA:7,9
DA:8,4
DA:12,5
DA:15,4
LF:7
LH:7
BRDA:7,0,0,4
BRDA:7,0,1,5
BRF:2
BRH:2
end_of_record
TN:
SF:api/middlewares/verifyJWT.js
FN:7,(anonymous_0)
FNF:1
FNH:1
FNDA:31,(anonymous_0)
DA:1,4
DA:3,4
DA:7,4
DA:9,31
DA:10,31
DA:12,31
DA:13,26
DA:17,5
DA:25,4
LF:9
LH:9
BRF:0
BRH:0
end_of_record
TN:
SF:api/middlewares/verifyRoles.js
FN:11,(anonymous_0)
FN:11,(anonymous_1)
FN:79,(anonymous_2)
FN:86,(anonymous_3)
FNF:4
FNH:3
FNDA:60,(anonymous_0)
FNDA:16,(anonymous_1)
FNDA:0,(anonymous_2)
FNDA:16,(anonymous_3)
DA:2,4
DA:3,4
DA:5,4
DA:11,60
DA:13,16
DA:15,16
DA:16,16
DA:19,8
DA:20,8
DA:23,5
DA:24,1
DA:26,0
DA:28,0
DA:35,1
DA:40,4
DA:43,3
DA:44,3
DA:45,0
DA:47,0
DA:54,3
DA:59,0
DA:62,0
DA:66,0
DA:70,0
DA:79,4
DA:80,0
DA:81,0
DA:83,0
DA:86,4
DA:88,16
DA:90,16
DA:91,16
DA:93,16
DA:94,0
DA:102,16
DA:103,16
DA:110,0
DA:111,0
DA:118,16
DA:121,4
LF:40
LH:26
BRDA:15,0,0,16
BRDA:15,0,1,0
BRDA:16,1,0,8
BRDA:16,1,1,5
BRDA:16,1,2,3
BRDA:16,1,3,0
BRDA:23,2,0,4
BRDA:23,2,1,1
BRDA:24,3,0,0
BRDA:24,3,1,1
BRDA:26,4,0,0
BRDA:26,4,1,0
BRDA:43,5,0,0
BRDA:43,5,1,3
BRDA:44,6,0,0
BRDA:44,6,1,3
BRDA:45,7,0,0
BRDA:45,7,1,0
BRDA:80,8,0,0
BRDA:80,8,1,0
BRDA:93,9,0,0
BRDA:93,9,1,16
BRF:22
BRH:10
end_of_record
TN:
SF:api/routes/cartsRoutes.js
FNF:0
FNH:0
DA:1,4
DA:2,4
DA:3,4
DA:4,4
DA:5,4
DA:7,4
DA:9,4
DA:11,4
LF:8
LH:8
BRF:0
BRH:0
end_of_record
TN:
SF:api/routes/pictureRoutes.js
FNF:0
FNH:0
DA:1,4
DA:2,4
DA:3,4
DA:4,4
DA:5,4
DA:6,4
DA:7,4
DA:19,4
DA:21,4
DA:23,4
DA:30,4
DA:37,4
DA:39,4
LF:13
LH:13
BRF:0
BRH:0
end_of_record
TN:
SF:api/routes/productsRoutes.js
FNF:0
FNH:0
DA:1,4
DA:2,4
DA:3,4
DA:4,4
DA:5,4
DA:6,4
DA:7,4
DA:12,4
DA:13,4
DA:14,4
DA:15,4
DA:16,4
DA:17,4
DA:25,4
DA:27,4
DA:30,4
LF:16
LH:16
BRF:0
BRH:0
end_of_record
TN:
SF:api/routes/usersRoutes.js
FNF:0
FNH:0
DA:1,4
DA:2,4
DA:4,4
DA:12,4
DA:16,4
DA:18,4
DA:19,4
DA:20,4
DA:23,4
DA:25,4
DA:27,4
DA:30,4
DA:37,4
DA:50,4
DA:52,4
DA:54,4
DA:56,4
DA:59,4
DA:66,4
LF:19
LH:19
BRF:0
BRH:0
end_of_record
TN:
SF:database/config/config.js
FNF:0
FNH:0
DA:1,4
DA:3,4
LF:2
LH:2
BRF:0
BRH:0
end_of_record
TN:
SF:database/models/carts.js
FN:2,(anonymous_0)
FNF:1
FNH:1
FNDA:35,(anonymous_0)
DA:1,4
DA:2,4
DA:3,35
LF:3
LH:3
BRF:0
BRH:0
end_of_record
TN:
SF:database/models/category.js
FN:2,(anonymous_0)
FNF:1
FNH:1
FNDA:35,(anonymous_0)
DA:1,4
DA:2,4
DA:3,35
LF:3
LH:3
BRF:0
BRH:0
end_of_record
TN:
SF:database/models/index.js
FN:20,(anonymous_0)
FN:23,(anonymous_1)
FN:28,(anonymous_2)
FNF:3
FNH:3
FNDA:32,(anonymous_0)
FNDA:28,(anonymous_1)
FNDA:28,(anonymous_2)
DA:3,4
DA:4,4
DA:5,4
DA:6,4
DA:7,4
DA:8,4
DA:9,4
DA:12,4
DA:13,0
DA:15,4
DA:18,4
DA:21,32
DA:24,28
DA:25,28
DA:28,4
DA:29,28
DA:30,0
DA:34,4
DA:35,4
DA:37,4
LF:20
LH:18
BRDA:7,0,0,4
BRDA:7,0,1,0
BRDA:12,1,0,0
BRDA:12,1,1,4
BRDA:21,2,0,32
BRDA:21,2,1,32
BRDA:21,2,2,28
BRDA:29,3,0,0
BRDA:29,3,1,28
BRF:9
BRH:6
end_of_record
TN:
SF:database/models/init-models.js
FN:9,initModels
FNF:1
FNH:1
FNDA:31,initModels
DA:1,4
DA:2,4
DA:3,4
DA:4,4
DA:5,4
DA:6,4
DA:7,4
DA:10,31
DA:11,31
DA:12,31
DA:13,31
DA:14,31
DA:15,31
DA:17,31
DA:18,31
DA:19,31
DA:20,31
DA:21,31
DA:22,31
DA:23,31
DA:24,31
DA:25,31
DA:26,31
DA:28,31
DA:38,4
DA:39,4
DA:40,4
LF:27
LH:27
BRF:0
BRH:0
end_of_record
TN:
SF:database/models/pictures.js
FN:2,(anonymous_0)
FNF:1
FNH:1
FNDA:35,(anonymous_0)
DA:1,4
DA:2,4
DA:3,35
LF:3
LH:3
BRF:0
BRH:0
end_of_record
TN:
SF:database/models/product_cart.js
FN:2,(anonymous_0)
FNF:1
FNH:1
FNDA:35,(anonymous_0)
DA:1,4
DA:2,4
DA:3,35
LF:3
LH:3
BRF:0
BRH:0
end_of_record
TN:
SF:database/models/products.js
FN:2,(anonymous_0)
FNF:1
FNH:1
FNDA:35,(anonymous_0)
DA:1,4
DA:2,4
DA:3,35
LF:3
LH:3
BRF:0
BRH:0
end_of_record
TN:
SF:database/models/users.js
FN:2,(anonymous_0)
FNF:1
FNH:1
FNDA:35,(anonymous_0)
DA:1,4
DA:2,4
DA:3,35
LF:3
LH:3
BRF:0
BRH:0
end_of_record
TN:
SF:helpers/extractToken.js
FN:1,(anonymous_0)
FNF:1
FNH:1
FNDA:31,(anonymous_0)
DA:1,4
DA:2,31
DA:3,26
DA:5,5
DA:9,4
LF:5
LH:5
BRDA:2,0,0,26
BRDA:2,0,1,5
BRDA:2,1,0,31
BRDA:2,1,1,26
BRF:4
BRH:4
end_of_record
TN:
SF:helpers/generateJWT.js
FN:3,(anonymous_0)
FN:5,(anonymous_1)
FN:10,(anonymous_2)
FNF:3
FNH:3
FNDA:27,(anonymous_0)
FNDA:27,(anonymous_1)
FNDA:27,(anonymous_2)
DA:1,4
DA:3,4
DA:5,27
DA:7,27
DA:11,27
DA:12,0
DA:13,0
DA:16,27
DA:22,4
LF:9
LH:7
BRDA:3,0,0,5
BRDA:11,1,0,0
BRDA:11,1,1,27
BRF:3
BRH:2
end_of_record
TN:
SF:helpers/verifyUnique.js
FN:8,(anonymous_0)
FN:19,(anonymous_1)
FNF:2
FNH:2
FNDA:5,(anonymous_0)
FNDA:5,(anonymous_1)
DA:1,4
DA:2,4
DA:4,4
DA:6,4
DA:10,5
DA:13,4
DA:14,1
DA:21,5
DA:24,4
DA:25,1
DA:31,4
LF:11
LH:11
BRDA:13,0,0,1
BRDA:13,0,1,3
BRDA:24,1,0,1
BRDA:24,1,1,3
BRF:4
BRH:4
end_of_record
